DEBUG:control_logger:InteractableABC.py, watch_for_threshold_event) lever1 has been activated. starting contents of the threshold_event_queue are: []
DEBUG:control_logger:InteractableABC.py, watch_for_threshold_event) rfid1 has been activated. starting contents of the threshold_event_queue are: []
DEBUG:control_logger:InteractableABC.py, watch_for_threshold_event) door1 has been activated. starting contents of the threshold_event_queue are: []
DEBUG:control_logger:InteractableABC.py, watch_for_threshold_event) rfid2 has been activated. starting contents of the threshold_event_queue are: []
DEBUG:simulation_logger:



-----------------------------New Simulation Running------------------------------------
DEBUG:simulation_logger:(Simulation.py, configure_simulation) reading/parsing the file /Users/sarahlitz/Projects/Donaldson Lab/Vole Simulator Version 1/Box_Vole_Simulation/Simulation/Configurations/simulation.json
DEBUG:simulation_logger:(sim_attempt_move.py, __main__) New Simulation Created: SarahsSimulation
DEBUG:simulation_logger:(Simulation.py, run_sim) Daemon Thread for getting the active mode, and running the specified simulation while active mode is in its timeout period.
DEBUG:simulation_logger:NEW MODE: (Simulation.py, run_sim) Simulation Updating for Control Entering a New Mode: Mode 1
DEBUG:control_logger:NEW MODE : Mode 1
DEBUG:simulation_logger:(Simulation.py, run_sim) The current mode (Mode 1) entered in timeout. Checking for if a simulation should be run. 
DEBUG:simulation_logger:(Simulation.py, run_sim) Mode 1 is paired with the simulation function: (<bound method SarahsSimulation.mode1_timeout of <Simulation.Scripts.sim_attempt_move.SarahsSimulation object at 0x10134b910>>, 1)
DEBUG:simulation_logger:(Simulation.py, run_sim) Simulaton is calling the function:<bound method SarahsSimulation.mode1_timeout of <Simulation.Scripts.sim_attempt_move.SarahsSimulation object at 0x10134b910>>
DEBUG:simulation_logger:(sim_attempt_move.py, SarahsSimulation, mode1_timeout) Running the Mode 1 Simulation
DEBUG:simulation_logger:(Vole.py, attempt_move) Entering the attempt move function. Vole 1 is currently in chamber 1. Destination: 2.
DEBUG:simulation_logger:(Vole.py, attempt_move) traversing the edge: Edge 12, connects: 1 <--['rfid1', 'door1', 'rfid2']--> 2 
DEBUG:simulation_logger:(Vole.py, attempt_move) simulating vole1 interaction with rfid1
DEBUG:simulation_logger:(Vole.py, attempt_move) simulating vole1 interaction with door1
DEBUG:simulation_logger:(Vole.py, attempt_move) door1, threshold attribute: state, threshold value: True
DEBUG:simulation_logger:(Vole.py, attempt_move) door1, attribute result: False
DEBUG:simulation_logger:(Vole.py, attempt_move) simulating vole1 interaction with lever1
DEBUG:simulation_logger:(Vole.py, attempt_move) lever1, threshold attribute: pressed, threshold value: 6
DEBUG:simulation_logger:(Vole.py, attempt_move) lever1, attribute result: 0
DEBUG:simulation_logger:(Vole.py, attempt_move) simulating vole1 interaction with rfid2
DEBUG:simulation_logger:(Vole.py, attempt_move) Vole 1 successfully moved into chamber 2
DEBUG:control_logger:End of Mode 1

DEBUG:control_logger:NEW MODE: Mode 2
DEBUG:simulation_logger:NEW MODE: (Simulation.py, run_sim) Simulation Updating for Control Entering a New Mode: Mode 2
DEBUG:simulation_logger:(Simulation.py, run_sim) The current mode (Mode 2) entered in timeout. Checking for if a simulation should be run. 
DEBUG:simulation_logger:(Simulation.py, run_sim) Mode 2 is paired with the simulation function: (<bound method SarahsSimulation.mode2_timeout of <Simulation.Scripts.sim_attempt_move.SarahsSimulation object at 0x10134b910>>, 1)
DEBUG:simulation_logger:(Simulation.py, run_sim) Simulaton is calling the function:<bound method SarahsSimulation.mode2_timeout of <Simulation.Scripts.sim_attempt_move.SarahsSimulation object at 0x10134b910>>
DEBUG:simulation_logger:(sim_attempt_move.py, SarahsSimulation, mode2_timeout) Running the Mode 2 Simulation
DEBUG:simulation_logger:(Vole.py, attempt_move) Entering the attempt move function. Vole 1 is currently in chamber 2. Destination: 1.
DEBUG:simulation_logger:(Vole.py, attempt_move) traversing the edge: Edge 12, connects: 1 <--['rfid1', 'door1', 'rfid2']--> 2 
DEBUG:simulation_logger:(Vole.py, attempt_move) simulating vole1 interaction with rfid1
DEBUG:simulation_logger:(Vole.py, attempt_move) simulating vole1 interaction with door1
DEBUG:simulation_logger:(Vole.py, attempt_move) door1, threshold attribute: state, threshold value: True
DEBUG:simulation_logger:(Vole.py, attempt_move) door1, attribute result: True
DEBUG:simulation_logger:(Vole.py, attempt_move) simulating vole1 interaction with lever1
DEBUG:simulation_logger:(Vole.py, attempt_move) lever1, threshold attribute: pressed, threshold value: 6
DEBUG:simulation_logger:(Vole.py, attempt_move) lever1, attribute result: 6
DEBUG:simulation_logger:(Vole.py, attempt_move) simulating vole1 interaction with rfid2
DEBUG:simulation_logger:(Vole.py, attempt_move) Vole 1 successfully moved into chamber 1
DEBUG:control_logger:End of Mode 2

DEBUG:control_logger:InteractableABC.py, watch_for_threshold_event) lever1 has been activated. starting contents of the threshold_event_queue are: []
DEBUG:control_logger:InteractableABC.py, watch_for_threshold_event) rfid1 has been activated. starting contents of the threshold_event_queue are: []
DEBUG:control_logger:InteractableABC.py, watch_for_threshold_event) door1 has been activated. starting contents of the threshold_event_queue are: []
DEBUG:control_logger:InteractableABC.py, watch_for_threshold_event) rfid2 has been activated. starting contents of the threshold_event_queue are: []
DEBUG:simulation_logger:



-----------------------------New Simulation Running------------------------------------
DEBUG:simulation_logger:(Simulation.py, configure_simulation) reading/parsing the file /Users/sarahlitz/Projects/Donaldson Lab/Vole Simulator Version 1/Box_Vole_Simulation/Simulation/Configurations/simulation.json
DEBUG:simulation_logger:(sim_attempt_move.py, __main__) New Simulation Created: SarahsSimulation
DEBUG:simulation_logger:(Simulation.py, run_sim) Daemon Thread for getting the active mode, and running the specified simulation while active mode is in its timeout period.
DEBUG:control_logger:NEW MODE : Mode 1
DEBUG:simulation_logger:NEW MODE: (Simulation.py, run_sim) Simulation Updating for Control Entering a New Mode: Mode 1
DEBUG:simulation_logger:(Simulation.py, run_sim) The current mode (Mode 1) entered in timeout. Checking for if a simulation should be run. 
DEBUG:simulation_logger:(Simulation.py, run_sim) Mode 1 is paired with the simulation function: (<bound method SarahsSimulation.mode1_timeout of <Simulation.Scripts.sim_attempt_move.SarahsSimulation object at 0x10b75a910>>, 1)
DEBUG:simulation_logger:(Simulation.py, run_sim) Simulaton is calling the function:<bound method SarahsSimulation.mode1_timeout of <Simulation.Scripts.sim_attempt_move.SarahsSimulation object at 0x10b75a910>>
DEBUG:simulation_logger:(sim_attempt_move.py, SarahsSimulation, mode1_timeout) Running the Mode 1 Simulation
DEBUG:simulation_logger:(Vole.py, attempt_move) Entering the attempt move function. Vole 1 is currently in chamber 1. Destination: 2.
DEBUG:simulation_logger:(Vole.py, attempt_move) traversing the edge: Edge 12, connects: 1 <--['rfid1', 'door1', 'rfid2']--> 2 
DEBUG:simulation_logger:(Vole.py, attempt_move) simulating vole1 interaction with rfid1
DEBUG:simulation_logger:(Vole.py, attempt_move) simulating vole1 interaction with door1
DEBUG:simulation_logger:(Vole.py, attempt_move) door1, threshold attribute: state, threshold value: True
DEBUG:simulation_logger:(Vole.py, attempt_move) door1, attribute result: False
DEBUG:simulation_logger:(Vole.py, attempt_move) simulating vole1 interaction with lever1
DEBUG:simulation_logger:(Vole.py, attempt_move) lever1, threshold attribute: pressed, threshold value: 6
DEBUG:simulation_logger:(Vole.py, attempt_move) lever1, attribute result: 0
DEBUG:simulation_logger:(Vole.py, attempt_move) simulating vole1 interaction with rfid2
DEBUG:simulation_logger:(Vole.py, attempt_move) Vole 1 successfully moved into chamber 2
DEBUG:control_logger:End of Mode 1

DEBUG:control_logger:NEW MODE: Mode 2
DEBUG:simulation_logger:NEW MODE: (Simulation.py, run_sim) Simulation Updating for Control Entering a New Mode: Mode 2
DEBUG:simulation_logger:(Simulation.py, run_sim) The current mode (Mode 2) entered in timeout. Checking for if a simulation should be run. 
DEBUG:simulation_logger:(Simulation.py, run_sim) Mode 2 is paired with the simulation function: (<bound method SarahsSimulation.mode2_timeout of <Simulation.Scripts.sim_attempt_move.SarahsSimulation object at 0x10b75a910>>, 1)
DEBUG:simulation_logger:(Simulation.py, run_sim) Simulaton is calling the function:<bound method SarahsSimulation.mode2_timeout of <Simulation.Scripts.sim_attempt_move.SarahsSimulation object at 0x10b75a910>>
DEBUG:simulation_logger:(sim_attempt_move.py, SarahsSimulation, mode2_timeout) Running the Mode 2 Simulation
DEBUG:simulation_logger:(Vole.py, attempt_move) Entering the attempt move function. Vole 1 is currently in chamber 2. Destination: 1.
DEBUG:simulation_logger:(Vole.py, attempt_move) traversing the edge: Edge 12, connects: 1 <--['rfid1', 'door1', 'rfid2']--> 2 
DEBUG:simulation_logger:(Vole.py, attempt_move) simulating vole1 interaction with rfid1
DEBUG:simulation_logger:(Vole.py, attempt_move) simulating vole1 interaction with door1
DEBUG:simulation_logger:(Vole.py, attempt_move) door1, threshold attribute: state, threshold value: True
DEBUG:simulation_logger:(Vole.py, attempt_move) door1, attribute result: True
DEBUG:simulation_logger:(Vole.py, attempt_move) simulating vole1 interaction with lever1
DEBUG:simulation_logger:(Vole.py, attempt_move) lever1, threshold attribute: pressed, threshold value: 6
DEBUG:simulation_logger:(Vole.py, attempt_move) lever1, attribute result: 6
DEBUG:simulation_logger:(Vole.py, attempt_move) simulating vole1 interaction with rfid2
DEBUG:simulation_logger:(Vole.py, attempt_move) Vole 1 successfully moved into chamber 1
DEBUG:control_logger:End of Mode 2

DEBUG:control_logger:(InteractableABC.py, watch_for_threshold_event) lever1 has been activated. starting contents of the threshold_event_queue are: []
DEBUG:control_logger:(InteractableABC.py, watch_for_threshold_event) rfid1 has been activated. starting contents of the threshold_event_queue are: []
DEBUG:control_logger:(InteractableABC.py, watch_for_threshold_event) door1 has been activated. starting contents of the threshold_event_queue are: []
DEBUG:control_logger:(InteractableABC.py, watch_for_threshold_event) rfid2 has been activated. starting contents of the threshold_event_queue are: []
DEBUG:simulation_logger:



-----------------------------New Simulation Running------------------------------------
DEBUG:simulation_logger:(Simulation.py, configure_simulation) reading/parsing the file /Users/sarahlitz/Projects/Donaldson Lab/Vole Simulator Version 1/Box_Vole_Simulation/Simulation/Configurations/simulation.json
DEBUG:simulation_logger:(sim_attempt_move.py, __main__) New Simulation Created: SarahsSimulation
DEBUG:control_logger:NEW MODE : Mode 1
DEBUG:simulation_logger:(Simulation.py, run_sim) Daemon Thread for getting the active mode, and running the specified simulation while active mode is in its timeout period.
DEBUG:simulation_logger:NEW MODE: (Simulation.py, run_sim) Simulation Updating for Control Entering a New Mode: Mode 1
DEBUG:simulation_logger:(Simulation.py, run_sim) The current mode (Mode 1) entered in timeout. Checking for if a simulation should be run. 
DEBUG:simulation_logger:(Simulation.py, run_sim) Mode 1 is paired with the simulation function: (<bound method SarahsSimulation.mode1_timeout of <Simulation.Scripts.sim_attempt_move.SarahsSimulation object at 0x10e825e20>>, 1)
DEBUG:simulation_logger:(Simulation.py, run_sim) Simulaton is calling the function:<bound method SarahsSimulation.mode1_timeout of <Simulation.Scripts.sim_attempt_move.SarahsSimulation object at 0x10e825e20>>
DEBUG:simulation_logger:(sim_attempt_move.py, SarahsSimulation, mode1_timeout) Running the Mode 1 Simulation
DEBUG:simulation_logger:(Vole.py, attempt_move) Entering the attempt move function. Vole 1 is currently in chamber 1. Destination: 2.
DEBUG:simulation_logger:(Vole.py, attempt_move) traversing the edge: Edge 12, connects: 1 <--['rfid1', 'door1', 'rfid2']--> 2 
DEBUG:simulation_logger:(Vole.py, attempt_move) simulating vole1 interaction with rfid1
DEBUG:simulation_logger:(Vole.py, attempt_move) simulating vole1 interaction with door1
DEBUG:simulation_logger:(Vole.py, attempt_move) door1, threshold attribute: state, threshold value: True
DEBUG:simulation_logger:(Vole.py, attempt_move) door1, attribute result: False
DEBUG:simulation_logger:(Vole.py, attempt_move) simulating vole1 interaction with lever1
DEBUG:simulation_logger:(Vole.py, attempt_move) lever1, threshold attribute: pressed, threshold value: 6
DEBUG:simulation_logger:(Vole.py, attempt_move) lever1, attribute result: 0
DEBUG:simulation_logger:(Vole.py, attempt_move) simulating vole1 interaction with rfid2
DEBUG:simulation_logger:(Vole.py, attempt_move) Vole 1 successfully moved into chamber 2
DEBUG:control_logger:End of Mode 1

DEBUG:control_logger:NEW MODE: Mode 2
DEBUG:simulation_logger:NEW MODE: (Simulation.py, run_sim) Simulation Updating for Control Entering a New Mode: Mode 2
DEBUG:simulation_logger:(Simulation.py, run_sim) The current mode (Mode 2) entered in timeout. Checking for if a simulation should be run. 
DEBUG:simulation_logger:(Simulation.py, run_sim) Mode 2 is paired with the simulation function: (<bound method SarahsSimulation.mode2_timeout of <Simulation.Scripts.sim_attempt_move.SarahsSimulation object at 0x10e825e20>>, 1)
DEBUG:simulation_logger:(Simulation.py, run_sim) Simulaton is calling the function:<bound method SarahsSimulation.mode2_timeout of <Simulation.Scripts.sim_attempt_move.SarahsSimulation object at 0x10e825e20>>
DEBUG:simulation_logger:(sim_attempt_move.py, SarahsSimulation, mode2_timeout) Running the Mode 2 Simulation
DEBUG:simulation_logger:(Vole.py, attempt_move) Entering the attempt move function. Vole 1 is currently in chamber 2. Destination: 1.
DEBUG:simulation_logger:(Vole.py, attempt_move) traversing the edge: Edge 12, connects: 1 <--['rfid1', 'door1', 'rfid2']--> 2 
DEBUG:simulation_logger:(Vole.py, attempt_move) simulating vole1 interaction with rfid1
DEBUG:simulation_logger:(Vole.py, attempt_move) simulating vole1 interaction with door1
DEBUG:simulation_logger:(Vole.py, attempt_move) door1, threshold attribute: state, threshold value: True
DEBUG:simulation_logger:(Vole.py, attempt_move) door1, attribute result: True
DEBUG:simulation_logger:(Vole.py, attempt_move) simulating vole1 interaction with lever1
DEBUG:simulation_logger:(Vole.py, attempt_move) lever1, threshold attribute: pressed, threshold value: 6
DEBUG:simulation_logger:(Vole.py, attempt_move) lever1, attribute result: 6
DEBUG:simulation_logger:(Vole.py, attempt_move) simulating vole1 interaction with rfid2
DEBUG:simulation_logger:(Vole.py, attempt_move) Vole 1 successfully moved into chamber 1
DEBUG:control_logger:End of Mode 2

