DEBUG:root:



New Simulation Running
DEBUG:root:

New Mode: False
DEBUG:root:

New Mode: <class 'ryan_example1.mode1'>
DEBUG:root:Entering the attempt move function. Vole 1 is currently in chamber 1. Destination: 2.
DEBUG:root: traversing the edge: Edge 12, connects: 1 <--['rfid1', 'door1', 'rfid2']--> 2 
DEBUG:root:



New Simulation Running
DEBUG:root:

New Mode: False
DEBUG:root:

New Mode: <class 'ryan_example1.mode1'>
DEBUG:root:Entering the attempt move function. Vole 1 is currently in chamber 1. Destination: 2.
DEBUG:root: traversing the edge: Edge 12, connects: 1 <--['rfid1', 'door1', 'rfid2']--> 2 
DEBUG:root:(mode.py, watch_for_threshold_event) rfid1: Threshold Name: check_threshold_with_fn, Threshold Attribute Obj: <function <lambda> at 0x10ee725e0>
DEBUG:root:rfid1 threshold event detected!
DEBUG:root:door1, threshold attribute: state, threshold value: True
DEBUG:root:door1, attribute result: False
DEBUG:root:(mode.py, watch_for_threshold_event) door1: Threshold Name: state, Threshold Attribute Obj: True
DEBUG:root:door1 threshold event detected!
DEBUG:root:(mode.py, watch_for_threshold_event) rfid2: Threshold Name: check_threshold_with_fn, Threshold Attribute Obj: <function <lambda> at 0x10ee72820>
DEBUG:root:rfid2 threshold event detected!
DEBUG:root:Vole 1 successfully moved into chamber 2
DEBUG:root:____________________Mode 1 Fin____________________
DEBUG:root:

New Mode: <ryan_example1.mode2 object at 0x10ee628b0>
DEBUG:root:Entering the attempt move function. Vole 1 is currently in chamber 2. Destination: 1.
DEBUG:root: traversing the edge: Edge 12, connects: 1 <--['rfid1', 'door1', 'rfid2']--> 2 
DEBUG:root:(mode.py, watch_for_threshold_event) rfid1: Threshold Name: check_threshold_with_fn, Threshold Attribute Obj: <function <lambda> at 0x10ee725e0>
DEBUG:root:rfid1 threshold event detected!
DEBUG:root:door1, threshold attribute: state, threshold value: True
DEBUG:root:door1, attribute result: True
DEBUG:root:(mode.py, watch_for_threshold_event) door1: Threshold Name: state, Threshold Attribute Obj: True
DEBUG:root:door1 threshold event detected!
DEBUG:root:(mode.py, watch_for_threshold_event) rfid2: Threshold Name: check_threshold_with_fn, Threshold Attribute Obj: <function <lambda> at 0x10ee72820>
DEBUG:root:rfid2 threshold event detected!
DEBUG:root:Vole 1 successfully moved into chamber 1
DEBUG:root:____________________Mode 2 Fin____________________
DEBUG:root:____________________Mode 1 Fin____________________
DEBUG:root:____________________Mode 1 Fin____________________
DEBUG:root:____________________Mode 1 Fin____________________
DEBUG:root:



New Simulation Running
DEBUG:root:

New Mode: False
DEBUG:root:

New Mode: <class 'ryan_example1.mode1'>
DEBUG:root:Entering the attempt move function. Vole 1 is currently in chamber 1. Destination: 2.
DEBUG:root: traversing the edge: Edge 12, connects: 1 <--['rfid1', 'door1', 'rfid2']--> 2 
DEBUG:root:(Vole.py, attempt_move) simulating vole1 interaction with rfid1
DEBUG:root:(mode.py, watch_for_threshold_event) rfid1: Threshold Name: check_threshold_with_fn, Threshold Attribute Obj: <function <lambda> at 0x1018e15e0>
DEBUG:root:rfid1 threshold event detected!
DEBUG:root:(Vole.py, attempt_move) simulating vole1 interaction with door1
DEBUG:root:door1, threshold attribute: state, threshold value: True
DEBUG:root:door1, attribute result: False
DEBUG:root:(mode.py, watch_for_threshold_event) door1: Threshold Name: state, Threshold Attribute Obj: True
DEBUG:root:door1 threshold event detected!
DEBUG:root:



New Simulation Running
DEBUG:root:Simulation
DEBUG:root:

New Mode: False
DEBUG:root:

New Mode: <class 'ryan_example1.mode1'>
DEBUG:root:Entering the attempt move function. Vole 1 is currently in chamber 1. Destination: 2.
DEBUG:root: traversing the edge: Edge 12, connects: 1 <--['rfid1', 'door1', 'rfid2']--> 2 
DEBUG:root:(Vole.py, attempt_move) simulating vole1 interaction with rfid1
DEBUG:root:(mode.py, watch_for_threshold_event) rfid1: Threshold Name: check_threshold_with_fn, Threshold Attribute Obj: <function <lambda> at 0x103914670>
DEBUG:root:rfid1 threshold event detected!
DEBUG:root:(Vole.py, attempt_move) simulating vole1 interaction with door1
DEBUG:root:door1, threshold attribute: state, threshold value: True
DEBUG:root:door1, attribute result: False
DEBUG:root:(mode.py, watch_for_threshold_event) door1: Threshold Name: state, Threshold Attribute Obj: True
DEBUG:root:door1 threshold event detected!
DEBUG:root:(Vole.py, attempt_move) simulating vole1 interaction with rfid2
DEBUG:root:(mode.py, watch_for_threshold_event) rfid2: Threshold Name: check_threshold_with_fn, Threshold Attribute Obj: <function <lambda> at 0x1039148b0>
DEBUG:root:rfid2 threshold event detected!
DEBUG:root:Vole 1 successfully moved into chamber 2
DEBUG:root:____________________Mode 1 Fin____________________
DEBUG:root:

New Mode: <ryan_example1.mode2 object at 0x1039038b0>
DEBUG:root:Entering the attempt move function. Vole 1 is currently in chamber 2. Destination: 1.
DEBUG:root: traversing the edge: Edge 12, connects: 1 <--['rfid1', 'door1', 'rfid2']--> 2 
DEBUG:root:(Vole.py, attempt_move) simulating vole1 interaction with rfid1
DEBUG:root:(mode.py, watch_for_threshold_event) rfid1: Threshold Name: check_threshold_with_fn, Threshold Attribute Obj: <function <lambda> at 0x103914670>
DEBUG:root:rfid1 threshold event detected!
DEBUG:root:(Vole.py, attempt_move) simulating vole1 interaction with door1
DEBUG:root:door1, threshold attribute: state, threshold value: True
DEBUG:root:door1, attribute result: True
DEBUG:root:(mode.py, watch_for_threshold_event) door1: Threshold Name: state, Threshold Attribute Obj: True
DEBUG:root:door1 threshold event detected!
DEBUG:root:(Vole.py, attempt_move) simulating vole1 interaction with rfid2
DEBUG:root:(mode.py, watch_for_threshold_event) rfid2: Threshold Name: check_threshold_with_fn, Threshold Attribute Obj: <function <lambda> at 0x1039148b0>
DEBUG:root:rfid2 threshold event detected!
DEBUG:root:



New Simulation Running
DEBUG:root:Configuring the Simulation: Simulation
DEBUG:root:

New Mode: False
DEBUG:root:

New Mode: <class 'ryan_example1.mode1'>
DEBUG:root:Entering the attempt move function. Vole 1 is currently in chamber 1. Destination: 2.
DEBUG:root: traversing the edge: Edge 12, connects: 1 <--['rfid1', 'door1', 'rfid2']--> 2 
DEBUG:root:(Vole.py, attempt_move) simulating vole1 interaction with rfid1
DEBUG:root:(mode.py, watch_for_threshold_event) rfid1: Threshold Name: check_threshold_with_fn, Threshold Attribute Obj: <function <lambda> at 0x1011235e0>
DEBUG:root:rfid1 threshold event detected!
DEBUG:root:(Vole.py, attempt_move) simulating vole1 interaction with door1
DEBUG:root:door1, threshold attribute: state, threshold value: True
DEBUG:root:door1, attribute result: False
DEBUG:root:(mode.py, watch_for_threshold_event) door1: Threshold Name: state, Threshold Attribute Obj: True
DEBUG:root:door1 threshold event detected!
DEBUG:root:(Vole.py, attempt_move) simulating vole1 interaction with rfid2
DEBUG:root:(mode.py, watch_for_threshold_event) rfid2: Threshold Name: check_threshold_with_fn, Threshold Attribute Obj: <function <lambda> at 0x101123820>
DEBUG:root:rfid2 threshold event detected!
DEBUG:root:Vole 1 successfully moved into chamber 2
DEBUG:root:____________________Mode 1 Fin____________________
DEBUG:root:

New Mode: <ryan_example1.mode2 object at 0x1011128b0>
DEBUG:root:Entering the attempt move function. Vole 1 is currently in chamber 2. Destination: 1.
DEBUG:root: traversing the edge: Edge 12, connects: 1 <--['rfid1', 'door1', 'rfid2']--> 2 
DEBUG:root:(Vole.py, attempt_move) simulating vole1 interaction with rfid1
DEBUG:root:(mode.py, watch_for_threshold_event) rfid1: Threshold Name: check_threshold_with_fn, Threshold Attribute Obj: <function <lambda> at 0x1011235e0>
DEBUG:root:rfid1 threshold event detected!
DEBUG:root:



New Simulation Running
DEBUG:root:(Simulation.py, configure_simulation) reading/parsing the file /Users/sarahlitz/Projects/Donaldson Lab/Vole Simulator Version 1/Box_Vole_Simulation/Classes/Configurations/simulation.json
DEBUG:root:

New Mode: <ryan_example1.mode1 object at 0x10a9fa610>
DEBUG:root:Entering the attempt move function. Vole 1 is currently in chamber 1. Destination: 2.
DEBUG:root: traversing the edge: Edge 12, connects: 1 <--['rfid1', 'door1', 'rfid2']--> 2 
DEBUG:root:(Vole.py, attempt_move) simulating vole1 interaction with rfid1
DEBUG:root:(mode.py, watch_for_threshold_event) rfid1: Threshold Name: check_threshold_with_fn, Threshold Attribute Obj: <function <lambda> at 0x10ac275e0>
DEBUG:root:rfid1 threshold event detected!
DEBUG:root:(Vole.py, attempt_move) simulating vole1 interaction with door1
DEBUG:root:door1, threshold attribute: state, threshold value: True
DEBUG:root:door1, attribute result: False
DEBUG:root:(mode.py, watch_for_threshold_event) door1: Threshold Name: state, Threshold Attribute Obj: True
DEBUG:root:door1 threshold event detected!
DEBUG:root:(Vole.py, attempt_move) simulating vole1 interaction with rfid2
DEBUG:root:(mode.py, watch_for_threshold_event) rfid2: Threshold Name: check_threshold_with_fn, Threshold Attribute Obj: <function <lambda> at 0x10ac27820>
DEBUG:root:rfid2 threshold event detected!
DEBUG:root:Vole 1 successfully moved into chamber 2
DEBUG:root:____________________Mode 1 Fin____________________
DEBUG:root:

New Mode: <ryan_example1.mode2 object at 0x10ac168b0>
DEBUG:root:Entering the attempt move function. Vole 1 is currently in chamber 2. Destination: 1.
DEBUG:root: traversing the edge: Edge 12, connects: 1 <--['rfid1', 'door1', 'rfid2']--> 2 
DEBUG:root:(Vole.py, attempt_move) simulating vole1 interaction with rfid1
DEBUG:root:(mode.py, watch_for_threshold_event) rfid1: Threshold Name: check_threshold_with_fn, Threshold Attribute Obj: <function <lambda> at 0x10ac275e0>
DEBUG:root:rfid1 threshold event detected!
DEBUG:root:(Vole.py, attempt_move) simulating vole1 interaction with door1
DEBUG:root:door1, threshold attribute: state, threshold value: True
DEBUG:root:door1, attribute result: True
DEBUG:root:(mode.py, watch_for_threshold_event) door1: Threshold Name: state, Threshold Attribute Obj: True
DEBUG:root:door1 threshold event detected!
DEBUG:root:(Vole.py, attempt_move) simulating vole1 interaction with rfid2
DEBUG:root:(mode.py, watch_for_threshold_event) rfid2: Threshold Name: check_threshold_with_fn, Threshold Attribute Obj: <function <lambda> at 0x10ac27820>
DEBUG:root:rfid2 threshold event detected!
DEBUG:root:Vole 1 successfully moved into chamber 1
DEBUG:root:____________________Mode 2 Fin____________________
DEBUG:root:



New Simulation Running
DEBUG:root:(Simulation.py, configure_simulation) reading/parsing the file /Users/sarahlitz/Projects/Donaldson Lab/Vole Simulator Version 1/Box_Vole_Simulation/Classes/Configurations/simulation.json
DEBUG:root:

New Mode: <ryan_example1.mode1 object at 0x1037271c0>
DEBUG:root:Entering the attempt move function. Vole 1 is currently in chamber 1. Destination: 2.
DEBUG:root: traversing the edge: Edge 12, connects: 1 <--['rfid1', 'door1', 'rfid2']--> 2 
DEBUG:root:(Vole.py, attempt_move) simulating vole1 interaction with rfid1
DEBUG:root:(mode.py, watch_for_threshold_event) rfid1: Threshold Name: check_threshold_with_fn, Threshold Attribute Obj: <function <lambda> at 0x1037e85e0>
DEBUG:root:rfid1 threshold event detected!
DEBUG:root:(Vole.py, attempt_move) simulating vole1 interaction with door1
DEBUG:root:door1, threshold attribute: state, threshold value: True
DEBUG:root:door1, attribute result: False
DEBUG:root:(mode.py, watch_for_threshold_event) door1: Threshold Name: state, Threshold Attribute Obj: True
DEBUG:root:door1 threshold event detected!
DEBUG:root:(Vole.py, attempt_move) simulating vole1 interaction with rfid2
DEBUG:root:(mode.py, watch_for_threshold_event) rfid2: Threshold Name: check_threshold_with_fn, Threshold Attribute Obj: <function <lambda> at 0x1037e8820>
DEBUG:root:rfid2 threshold event detected!
DEBUG:root:Vole 1 successfully moved into chamber 2
DEBUG:root:End of Mode 1

DEBUG:root:

New Mode: <ryan_example1.mode2 object at 0x1035bb880>
DEBUG:root:Entering the attempt move function. Vole 1 is currently in chamber 2. Destination: 1.
DEBUG:root: traversing the edge: Edge 12, connects: 1 <--['rfid1', 'door1', 'rfid2']--> 2 
DEBUG:root:(Vole.py, attempt_move) simulating vole1 interaction with rfid1
DEBUG:root:(mode.py, watch_for_threshold_event) rfid1: Threshold Name: check_threshold_with_fn, Threshold Attribute Obj: <function <lambda> at 0x1037e85e0>
DEBUG:root:rfid1 threshold event detected!
DEBUG:root:(Vole.py, attempt_move) simulating vole1 interaction with door1
DEBUG:root:door1, threshold attribute: state, threshold value: True
DEBUG:root:door1, attribute result: True
DEBUG:root:(mode.py, watch_for_threshold_event) door1: Threshold Name: state, Threshold Attribute Obj: True
DEBUG:root:door1 threshold event detected!
DEBUG:root:(Vole.py, attempt_move) simulating vole1 interaction with rfid2
DEBUG:root:(mode.py, watch_for_threshold_event) rfid2: Threshold Name: check_threshold_with_fn, Threshold Attribute Obj: <function <lambda> at 0x1037e8820>
DEBUG:root:rfid2 threshold event detected!
DEBUG:root:Vole 1 successfully moved into chamber 1
DEBUG:root:End of Mode 2 

DEBUG:root:



-----------------------------New Simulation Running------------------------------------
DEBUG:root:(Simulation.py, configure_simulation) reading/parsing the file /Users/sarahlitz/Projects/Donaldson Lab/Vole Simulator Version 1/Box_Vole_Simulation/Classes/Configurations/simulation.json
DEBUG:root:None
DEBUG:root:None
DEBUG:root:

New Mode: False
DEBUG:root:

New Mode: <class 'ryan_example1.mode1'>
DEBUG:root:Entering the attempt move function. Vole 1 is currently in chamber 1. Destination: 2.
DEBUG:root: traversing the edge: Edge 12, connects: 1 <--['rfid1', 'door1', 'rfid2']--> 2 
DEBUG:root:(Vole.py, attempt_move) simulating vole1 interaction with rfid1
DEBUG:root:(mode.py, watch_for_threshold_event) rfid1: Threshold Name: check_threshold_with_fn, Threshold Attribute Obj: <function <lambda> at 0x10cc7d670>
DEBUG:root:rfid1 threshold event detected!
DEBUG:root:(Vole.py, attempt_move) simulating vole1 interaction with door1
DEBUG:root:door1, threshold attribute: state, threshold value: True
DEBUG:root:door1, attribute result: False
DEBUG:root:(mode.py, watch_for_threshold_event) door1: Threshold Name: state, Threshold Attribute Obj: True
DEBUG:root:door1 threshold event detected!
DEBUG:root:(Vole.py, attempt_move) simulating vole1 interaction with rfid2
DEBUG:root:(mode.py, watch_for_threshold_event) rfid2: Threshold Name: check_threshold_with_fn, Threshold Attribute Obj: <function <lambda> at 0x10cc7d8b0>
DEBUG:root:rfid2 threshold event detected!
DEBUG:root:Vole 1 successfully moved into chamber 2
DEBUG:root:End of Mode 1

DEBUG:root:

New Mode: <ryan_example1.mode2 object at 0x10cc6c8b0>
DEBUG:root:Entering the attempt move function. Vole 1 is currently in chamber 2. Destination: 1.
DEBUG:root: traversing the edge: Edge 12, connects: 1 <--['rfid1', 'door1', 'rfid2']--> 2 
DEBUG:root:(Vole.py, attempt_move) simulating vole1 interaction with rfid1
DEBUG:root:(mode.py, watch_for_threshold_event) rfid1: Threshold Name: check_threshold_with_fn, Threshold Attribute Obj: <function <lambda> at 0x10cc7d670>
DEBUG:root:rfid1 threshold event detected!
DEBUG:root:(Vole.py, attempt_move) simulating vole1 interaction with door1
DEBUG:root:door1, threshold attribute: state, threshold value: True
DEBUG:root:door1, attribute result: True
DEBUG:root:(mode.py, watch_for_threshold_event) door1: Threshold Name: state, Threshold Attribute Obj: True
DEBUG:root:door1 threshold event detected!
DEBUG:root:(Vole.py, attempt_move) simulating vole1 interaction with rfid2
DEBUG:root:(mode.py, watch_for_threshold_event) rfid2: Threshold Name: check_threshold_with_fn, Threshold Attribute Obj: <function <lambda> at 0x10cc7d8b0>
DEBUG:root:rfid2 threshold event detected!
DEBUG:root:Vole 1 successfully moved into chamber 1
DEBUG:root:End of Mode 2 

DEBUG:root:



-----------------------------New Simulation Running------------------------------------
DEBUG:root:



-----------------------------New Simulation Running------------------------------------
INFO:simulation_logger:testing!!!
DEBUG:root:(Simulation.py, configure_simulation) reading/parsing the file /Users/sarahlitz/Projects/Donaldson Lab/Vole Simulator Version 1/Box_Vole_Simulation/Classes/Configurations/simulation.json
DEBUG:root:

New Mode: False
DEBUG:root:

New Mode: <class 'ryan_example1.mode1'>
DEBUG:root:Entering the attempt move function. Vole 1 is currently in chamber 1. Destination: 2.
DEBUG:root: traversing the edge: Edge 12, connects: 1 <--['rfid1', 'door1', 'rfid2']--> 2 
DEBUG:root:(Vole.py, attempt_move) simulating vole1 interaction with rfid1
DEBUG:root:(mode.py, watch_for_threshold_event) rfid1: Threshold Name: check_threshold_with_fn, Threshold Attribute Obj: <function <lambda> at 0x11021d5e0>
DEBUG:root:rfid1 threshold event detected!
DEBUG:root:(Vole.py, attempt_move) simulating vole1 interaction with door1
DEBUG:root:door1, threshold attribute: state, threshold value: True
DEBUG:root:door1, attribute result: False
DEBUG:root:(mode.py, watch_for_threshold_event) door1: Threshold Name: state, Threshold Attribute Obj: True
DEBUG:root:door1 threshold event detected!
DEBUG:root:(Vole.py, attempt_move) simulating vole1 interaction with rfid2
DEBUG:root:(mode.py, watch_for_threshold_event) rfid2: Threshold Name: check_threshold_with_fn, Threshold Attribute Obj: <function <lambda> at 0x11021d820>
DEBUG:root:rfid2 threshold event detected!
DEBUG:root:Vole 1 successfully moved into chamber 2
DEBUG:root:End of Mode 1

DEBUG:root:

New Mode: <ryan_example1.mode2 object at 0x11020c8e0>
DEBUG:root:Entering the attempt move function. Vole 1 is currently in chamber 2. Destination: 1.
DEBUG:root: traversing the edge: Edge 12, connects: 1 <--['rfid1', 'door1', 'rfid2']--> 2 
DEBUG:root:(Vole.py, attempt_move) simulating vole1 interaction with rfid1
DEBUG:root:(mode.py, watch_for_threshold_event) rfid1: Threshold Name: check_threshold_with_fn, Threshold Attribute Obj: <function <lambda> at 0x11021d5e0>
DEBUG:root:rfid1 threshold event detected!
DEBUG:root:



-----------------------------New Simulation Running------------------------------------
DEBUG:root:(Simulation.py, configure_simulation) reading/parsing the file /Users/sarahlitz/Projects/Donaldson Lab/Vole Simulator Version 1/Box_Vole_Simulation/Classes/Configurations/simulation.json
DEBUG:root:

New Mode: False
DEBUG:root:

New Mode: <class 'ryan_example1.mode1'>
DEBUG:root:Entering the attempt move function. Vole 1 is currently in chamber 1. Destination: 2.
DEBUG:root: traversing the edge: Edge 12, connects: 1 <--['rfid1', 'door1', 'rfid2']--> 2 
DEBUG:root:(Vole.py, attempt_move) simulating vole1 interaction with rfid1
DEBUG:root:(mode.py, watch_for_threshold_event) rfid1: Threshold Name: check_threshold_with_fn, Threshold Attribute Obj: <function <lambda> at 0x1036c25e0>
DEBUG:root:rfid1 threshold event detected!
DEBUG:root:(Vole.py, attempt_move) simulating vole1 interaction with door1
DEBUG:root:door1, threshold attribute: state, threshold value: True
DEBUG:root:door1, attribute result: False
DEBUG:root:(mode.py, watch_for_threshold_event) door1: Threshold Name: state, Threshold Attribute Obj: True
DEBUG:root:door1 threshold event detected!
DEBUG:root:(Vole.py, attempt_move) simulating vole1 interaction with rfid2
DEBUG:root:(mode.py, watch_for_threshold_event) rfid2: Threshold Name: check_threshold_with_fn, Threshold Attribute Obj: <function <lambda> at 0x1036c2820>
DEBUG:root:rfid2 threshold event detected!
DEBUG:root:Vole 1 successfully moved into chamber 2
DEBUG:root:



-----------------------------New Simulation Running------------------------------------
DEBUG:simulation_logger:testing!!!
DEBUG:root:(Simulation.py, configure_simulation) reading/parsing the file /Users/sarahlitz/Projects/Donaldson Lab/Vole Simulator Version 1/Box_Vole_Simulation/Classes/Configurations/simulation.json
DEBUG:root:

New Mode: <ryan_example1.mode1 object at 0x10b7ec7c0>
DEBUG:root:Entering the attempt move function. Vole 1 is currently in chamber 1. Destination: 2.
DEBUG:root: traversing the edge: Edge 12, connects: 1 <--['rfid1', 'door1', 'rfid2']--> 2 
DEBUG:root:(Vole.py, attempt_move) simulating vole1 interaction with rfid1
DEBUG:root:(mode.py, watch_for_threshold_event) rfid1: Threshold Name: check_threshold_with_fn, Threshold Attribute Obj: <function <lambda> at 0x10ba1a3a0>
DEBUG:root:rfid1 threshold event detected!
DEBUG:root:(Vole.py, attempt_move) simulating vole1 interaction with door1
DEBUG:root:door1, threshold attribute: state, threshold value: True
DEBUG:root:door1, attribute result: False
DEBUG:root:(mode.py, watch_for_threshold_event) door1: Threshold Name: state, Threshold Attribute Obj: True
DEBUG:root:door1 threshold event detected!
DEBUG:root:



-----------------------------New Simulation Running------------------------------------
DEBUG:simulation_logger:testing!!!
DEBUG:root:(Simulation.py, configure_simulation) reading/parsing the file /Users/sarahlitz/Projects/Donaldson Lab/Vole Simulator Version 1/Box_Vole_Simulation/Classes/Configurations/simulation.json
DEBUG:root:

New Mode: False
DEBUG:root:

New Mode: <class 'ryan_example1.mode1'>
DEBUG:root:Entering the attempt move function. Vole 1 is currently in chamber 1. Destination: 2.
DEBUG:root: traversing the edge: Edge 12, connects: 1 <--['rfid1', 'door1', 'rfid2']--> 2 
DEBUG:root:(Vole.py, attempt_move) simulating vole1 interaction with rfid1
DEBUG:root:(mode.py, watch_for_threshold_event) rfid1: Threshold Name: check_threshold_with_fn, Threshold Attribute Obj: <function <lambda> at 0x1013173a0>
DEBUG:root:rfid1 threshold event detected!
DEBUG:root:(Vole.py, attempt_move) simulating vole1 interaction with door1
DEBUG:root:door1, threshold attribute: state, threshold value: True
DEBUG:root:door1, attribute result: False
DEBUG:root:(mode.py, watch_for_threshold_event) door1: Threshold Name: state, Threshold Attribute Obj: True
DEBUG:root:door1 threshold event detected!
DEBUG:root:(Vole.py, attempt_move) simulating vole1 interaction with rfid2
DEBUG:root:(mode.py, watch_for_threshold_event) rfid2: Threshold Name: check_threshold_with_fn, Threshold Attribute Obj: <function <lambda> at 0x1013175e0>
DEBUG:root:rfid2 threshold event detected!
DEBUG:root:Vole 1 successfully moved into chamber 2
DEBUG:root:



-----------------------------New Simulation Running------------------------------------
DEBUG:simulation_logger:testing!!!
DEBUG:root:(Simulation.py, configure_simulation) reading/parsing the file /Users/sarahlitz/Projects/Donaldson Lab/Vole Simulator Version 1/Box_Vole_Simulation/Classes/Configurations/simulation.json
DEBUG:root:

New Mode: False
DEBUG:root:

New Mode: <class 'ryan_example1.mode1'>
DEBUG:root:Entering the attempt move function. Vole 1 is currently in chamber 1. Destination: 2.
DEBUG:root: traversing the edge: Edge 12, connects: 1 <--['rfid1', 'door1', 'rfid2']--> 2 
DEBUG:root:(Vole.py, attempt_move) simulating vole1 interaction with rfid1
DEBUG:root:(mode.py, watch_for_threshold_event) rfid1: Threshold Name: check_threshold_with_fn, Threshold Attribute Obj: <function <lambda> at 0x10a9483a0>
DEBUG:root:rfid1 threshold event detected!
DEBUG:root:(Vole.py, attempt_move) simulating vole1 interaction with door1
DEBUG:root:door1, threshold attribute: state, threshold value: True
DEBUG:root:door1, attribute result: False
DEBUG:root:(mode.py, watch_for_threshold_event) door1: Threshold Name: state, Threshold Attribute Obj: True
DEBUG:root:door1 threshold event detected!
DEBUG:root:(Vole.py, attempt_move) simulating vole1 interaction with rfid2
DEBUG:root:(mode.py, watch_for_threshold_event) rfid2: Threshold Name: check_threshold_with_fn, Threshold Attribute Obj: <function <lambda> at 0x10a9485e0>
DEBUG:root:rfid2 threshold event detected!
DEBUG:root:



-----------------------------New Simulation Running------------------------------------
INFO:simulation_logger:


 New Simulation
DEBUG:root:(Simulation.py, configure_simulation) reading/parsing the file /Users/sarahlitz/Projects/Donaldson Lab/Vole Simulator Version 1/Box_Vole_Simulation/Classes/Configurations/simulation.json
DEBUG:root:

New Mode: False
DEBUG:root:

New Mode: <class 'ryan_example1.mode1'>
DEBUG:root:Entering the attempt move function. Vole 1 is currently in chamber 1. Destination: 2.
DEBUG:root: traversing the edge: Edge 12, connects: 1 <--['rfid1', 'door1', 'rfid2']--> 2 
DEBUG:root:(Vole.py, attempt_move) simulating vole1 interaction with rfid1
DEBUG:root:(mode.py, watch_for_threshold_event) rfid1: Threshold Name: check_threshold_with_fn, Threshold Attribute Obj: <function <lambda> at 0x10be483a0>
DEBUG:root:rfid1 threshold event detected!
DEBUG:root:(Vole.py, attempt_move) simulating vole1 interaction with door1
DEBUG:root:door1, threshold attribute: state, threshold value: True
DEBUG:root:door1, attribute result: False
DEBUG:root:(mode.py, watch_for_threshold_event) door1: Threshold Name: state, Threshold Attribute Obj: True
DEBUG:root:door1 threshold event detected!
DEBUG:root:(Vole.py, attempt_move) simulating vole1 interaction with rfid2
DEBUG:root:(mode.py, watch_for_threshold_event) rfid2: Threshold Name: check_threshold_with_fn, Threshold Attribute Obj: <function <lambda> at 0x10be485e0>
DEBUG:root:rfid2 threshold event detected!
DEBUG:root:



-----------------------------New Simulation Running------------------------------------
DEBUG:root:(Simulation.py, configure_simulation) reading/parsing the file /Users/sarahlitz/Projects/Donaldson Lab/Vole Simulator Version 1/Box_Vole_Simulation/Classes/Configurations/simulation.json
DEBUG:simulation_logger:


 (__main__) New Simulation: SarahsSimulation
DEBUG:simulation_logger:(Simulation.py, run_sim) Daemon Thread for getting the active mode, and running the specified simulation while active mode is in its timeout period.
DEBUG:root:

New Mode: False
DEBUG:root:

New Mode: <class 'ryan_example1.mode1'>
DEBUG:root:Entering the attempt move function. Vole 1 is currently in chamber 1. Destination: 2.
DEBUG:root: traversing the edge: Edge 12, connects: 1 <--['rfid1', 'door1', 'rfid2']--> 2 
DEBUG:root:(Vole.py, attempt_move) simulating vole1 interaction with rfid1
DEBUG:root:(mode.py, watch_for_threshold_event) rfid1: Threshold Name: check_threshold_with_fn, Threshold Attribute Obj: <function <lambda> at 0x107fe95e0>
DEBUG:root:rfid1 threshold event detected!
DEBUG:root:(Vole.py, attempt_move) simulating vole1 interaction with door1
DEBUG:root:door1, threshold attribute: state, threshold value: True
DEBUG:root:door1, attribute result: False
DEBUG:root:(mode.py, watch_for_threshold_event) door1: Threshold Name: state, Threshold Attribute Obj: True
DEBUG:root:door1 threshold event detected!
DEBUG:root:(Vole.py, attempt_move) simulating vole1 interaction with rfid2
DEBUG:root:(mode.py, watch_for_threshold_event) rfid2: Threshold Name: check_threshold_with_fn, Threshold Attribute Obj: <function <lambda> at 0x107fe9820>
DEBUG:root:rfid2 threshold event detected!
DEBUG:root:Vole 1 successfully moved into chamber 2
DEBUG:root:End of Mode 1

DEBUG:root:

New Mode: <ryan_example1.mode2 object at 0x107fd7970>
DEBUG:root:Entering the attempt move function. Vole 1 is currently in chamber 2. Destination: 1.
DEBUG:root: traversing the edge: Edge 12, connects: 1 <--['rfid1', 'door1', 'rfid2']--> 2 
DEBUG:root:(Vole.py, attempt_move) simulating vole1 interaction with rfid1
DEBUG:root:(mode.py, watch_for_threshold_event) rfid1: Threshold Name: check_threshold_with_fn, Threshold Attribute Obj: <function <lambda> at 0x107fe95e0>
DEBUG:root:rfid1 threshold event detected!
DEBUG:root:(Vole.py, attempt_move) simulating vole1 interaction with door1
DEBUG:root:door1, threshold attribute: state, threshold value: True
DEBUG:root:door1, attribute result: True
DEBUG:root:(mode.py, watch_for_threshold_event) door1: Threshold Name: state, Threshold Attribute Obj: True
DEBUG:root:door1 threshold event detected!
DEBUG:root:(Vole.py, attempt_move) simulating vole1 interaction with rfid2
DEBUG:root:(mode.py, watch_for_threshold_event) rfid2: Threshold Name: check_threshold_with_fn, Threshold Attribute Obj: <function <lambda> at 0x107fe9820>
DEBUG:root:rfid2 threshold event detected!
DEBUG:root:Vole 1 successfully moved into chamber 1
DEBUG:root:End of Mode 2 

DEBUG:simulation_logger:



-----------------------------New Simulation Running------------------------------------
DEBUG:simulation_logger:(Simulation.py, configure_simulation) reading/parsing the file /Users/sarahlitz/Projects/Donaldson Lab/Vole Simulator Version 1/Box_Vole_Simulation/Classes/Configurations/simulation.json
DEBUG:simulation_logger:(__main__) New Simulation Created: SarahsSimulation
DEBUG:simulation_logger:(Simulation.py, run_sim) Daemon Thread for getting the active mode, and running the specified simulation while active mode is in its timeout period.
DEBUG:simulation_logger:

 (Simulation.py, run_sim) Simulation Updating for Control Entering a New Mode: <ryan_example1.mode1 object at 0x100b1e7c0>
DEBUG:simulation_logger:(Simulation.py, run_sim) The current mode (<ryan_example1.mode1 object at 0x100b1e7c0>) entered in timeout. Checking for if a simulation should be run. 
DEBUG:simulation_logger:(Simulation.py, run_sim) <ryan_example1.mode1 object at 0x100b1e7c0> is paired with the simulation function: (<bound method SarahsSimulation.mode1_timeout of <__main__.SarahsSimulation object at 0x100d3b760>>, 1)
DEBUG:simulation_logger:(Simulation.py, run_sim) Simulaton is calling the function:<bound method SarahsSimulation.mode1_timeout of <__main__.SarahsSimulation object at 0x100d3b760>>
DEBUG:root:Entering the attempt move function. Vole 1 is currently in chamber 1. Destination: 2.
DEBUG:root: traversing the edge: Edge 12, connects: 1 <--['rfid1', 'door1', 'rfid2']--> 2 
DEBUG:root:(Vole.py, attempt_move) simulating vole1 interaction with rfid1
DEBUG:root:(mode.py, watch_for_threshold_event) rfid1: Threshold Name: check_threshold_with_fn, Threshold Attribute Obj: <function <lambda> at 0x100d4d5e0>
DEBUG:root:rfid1 threshold event detected!
DEBUG:root:(Vole.py, attempt_move) simulating vole1 interaction with door1
DEBUG:root:door1, threshold attribute: state, threshold value: True
DEBUG:root:door1, attribute result: False
DEBUG:root:(mode.py, watch_for_threshold_event) door1: Threshold Name: state, Threshold Attribute Obj: True
DEBUG:root:door1 threshold event detected!
DEBUG:root:(Vole.py, attempt_move) simulating vole1 interaction with rfid2
DEBUG:root:(mode.py, watch_for_threshold_event) rfid2: Threshold Name: check_threshold_with_fn, Threshold Attribute Obj: <function <lambda> at 0x100d4d820>
DEBUG:root:rfid2 threshold event detected!
DEBUG:root:Vole 1 successfully moved into chamber 2
DEBUG:root:End of Mode 1

DEBUG:simulation_logger:

 (Simulation.py, run_sim) Simulation Updating for Control Entering a New Mode: <ryan_example1.mode2 object at 0x100d3b970>
DEBUG:simulation_logger:(Simulation.py, run_sim) The current mode (<ryan_example1.mode2 object at 0x100d3b970>) entered in timeout. Checking for if a simulation should be run. 
DEBUG:simulation_logger:(Simulation.py, run_sim) <ryan_example1.mode2 object at 0x100d3b970> is paired with the simulation function: (<bound method SarahsSimulation.mode2_timeout of <__main__.SarahsSimulation object at 0x100d3b760>>, 1)
DEBUG:simulation_logger:(Simulation.py, run_sim) Simulaton is calling the function:<bound method SarahsSimulation.mode2_timeout of <__main__.SarahsSimulation object at 0x100d3b760>>
DEBUG:root:Entering the attempt move function. Vole 1 is currently in chamber 2. Destination: 1.
DEBUG:root: traversing the edge: Edge 12, connects: 1 <--['rfid1', 'door1', 'rfid2']--> 2 
DEBUG:root:(Vole.py, attempt_move) simulating vole1 interaction with rfid1
DEBUG:root:(mode.py, watch_for_threshold_event) rfid1: Threshold Name: check_threshold_with_fn, Threshold Attribute Obj: <function <lambda> at 0x100d4d5e0>
DEBUG:root:rfid1 threshold event detected!
DEBUG:root:(Vole.py, attempt_move) simulating vole1 interaction with door1
DEBUG:root:door1, threshold attribute: state, threshold value: True
DEBUG:root:door1, attribute result: True
DEBUG:root:(mode.py, watch_for_threshold_event) door1: Threshold Name: state, Threshold Attribute Obj: True
DEBUG:root:door1 threshold event detected!
DEBUG:root:(Vole.py, attempt_move) simulating vole1 interaction with rfid2
DEBUG:root:(mode.py, watch_for_threshold_event) rfid2: Threshold Name: check_threshold_with_fn, Threshold Attribute Obj: <function <lambda> at 0x100d4d820>
DEBUG:root:rfid2 threshold event detected!
DEBUG:root:Vole 1 successfully moved into chamber 1
DEBUG:root:End of Mode 2 

DEBUG:simulation_logger:



-----------------------------New Simulation Running------------------------------------
DEBUG:simulation_logger:(Simulation.py, configure_simulation) reading/parsing the file /Users/sarahlitz/Projects/Donaldson Lab/Vole Simulator Version 1/Box_Vole_Simulation/Classes/Configurations/simulation.json
DEBUG:simulation_logger:(sim_attempt_move.py, __main__) New Simulation Created: SarahsSimulation
DEBUG:simulation_logger:(Simulation.py, run_sim) Daemon Thread for getting the active mode, and running the specified simulation while active mode is in its timeout period.
DEBUG:simulation_logger:

  New Mode
(Simulation.py, run_sim) Simulation Updating for Control Entering a New Mode: <ryan_example1.mode1 object at 0x102e5c7c0>
DEBUG:simulation_logger:(Simulation.py, run_sim) The current mode (<ryan_example1.mode1 object at 0x102e5c7c0>) entered in timeout. Checking for if a simulation should be run. 
DEBUG:simulation_logger:(Simulation.py, run_sim) <ryan_example1.mode1 object at 0x102e5c7c0> is paired with the simulation function: (<bound method SarahsSimulation.mode1_timeout of <__main__.SarahsSimulation object at 0x103079040>>, 1)
DEBUG:simulation_logger:(Simulation.py, run_sim) Simulaton is calling the function:<bound method SarahsSimulation.mode1_timeout of <__main__.SarahsSimulation object at 0x103079040>>
DEBUG:root:Entering the attempt move function. Vole 1 is currently in chamber 1. Destination: 2.
DEBUG:root: traversing the edge: Edge 12, connects: 1 <--['rfid1', 'door1', 'rfid2']--> 2 
DEBUG:root:(Vole.py, attempt_move) simulating vole1 interaction with rfid1
DEBUG:root:(mode.py, watch_for_threshold_event) rfid1: Threshold Name: check_threshold_with_fn, Threshold Attribute Obj: <function <lambda> at 0x10308b550>
DEBUG:root:rfid1 threshold event detected!
DEBUG:root:(Vole.py, attempt_move) simulating vole1 interaction with door1
DEBUG:root:door1, threshold attribute: state, threshold value: True
DEBUG:root:door1, attribute result: False
DEBUG:root:(mode.py, watch_for_threshold_event) door1: Threshold Name: state, Threshold Attribute Obj: True
DEBUG:root:door1 threshold event detected!
DEBUG:root:(Vole.py, attempt_move) simulating vole1 interaction with rfid2
DEBUG:root:(mode.py, watch_for_threshold_event) rfid2: Threshold Name: check_threshold_with_fn, Threshold Attribute Obj: <function <lambda> at 0x10308b790>
DEBUG:root:rfid2 threshold event detected!
DEBUG:root:Vole 1 successfully moved into chamber 2
DEBUG:root:End of Mode 1

DEBUG:simulation_logger:

  New Mode
(Simulation.py, run_sim) Simulation Updating for Control Entering a New Mode: <ryan_example1.mode2 object at 0x1030797c0>
DEBUG:simulation_logger:(Simulation.py, run_sim) The current mode (<ryan_example1.mode2 object at 0x1030797c0>) entered in timeout. Checking for if a simulation should be run. 
DEBUG:simulation_logger:(Simulation.py, run_sim) <ryan_example1.mode2 object at 0x1030797c0> is paired with the simulation function: (<bound method SarahsSimulation.mode2_timeout of <__main__.SarahsSimulation object at 0x103079040>>, 1)
DEBUG:simulation_logger:(Simulation.py, run_sim) Simulaton is calling the function:<bound method SarahsSimulation.mode2_timeout of <__main__.SarahsSimulation object at 0x103079040>>
DEBUG:root:Entering the attempt move function. Vole 1 is currently in chamber 2. Destination: 1.
DEBUG:root: traversing the edge: Edge 12, connects: 1 <--['rfid1', 'door1', 'rfid2']--> 2 
DEBUG:root:(Vole.py, attempt_move) simulating vole1 interaction with rfid1
DEBUG:root:(mode.py, watch_for_threshold_event) rfid1: Threshold Name: check_threshold_with_fn, Threshold Attribute Obj: <function <lambda> at 0x10308b550>
DEBUG:root:rfid1 threshold event detected!
DEBUG:root:(Vole.py, attempt_move) simulating vole1 interaction with door1
DEBUG:root:door1, threshold attribute: state, threshold value: True
DEBUG:root:door1, attribute result: True
DEBUG:root:(mode.py, watch_for_threshold_event) door1: Threshold Name: state, Threshold Attribute Obj: True
DEBUG:root:door1 threshold event detected!
DEBUG:root:(Vole.py, attempt_move) simulating vole1 interaction with rfid2
DEBUG:root:(mode.py, watch_for_threshold_event) rfid2: Threshold Name: check_threshold_with_fn, Threshold Attribute Obj: <function <lambda> at 0x10308b790>
DEBUG:root:rfid2 threshold event detected!
DEBUG:root:Vole 1 successfully moved into chamber 1
DEBUG:root:End of Mode 2 

DEBUG:simulation_logger:



-----------------------------New Simulation Running------------------------------------
DEBUG:simulation_logger:(Simulation.py, configure_simulation) reading/parsing the file /Users/sarahlitz/Projects/Donaldson Lab/Vole Simulator Version 1/Box_Vole_Simulation/Classes/Configurations/simulation.json
DEBUG:simulation_logger:(sim_attempt_move.py, __main__) New Simulation Created: SarahsSimulation
DEBUG:simulation_logger:(Simulation.py, run_sim) Daemon Thread for getting the active mode, and running the specified simulation while active mode is in its timeout period.
DEBUG:simulation_logger:

  New Mode
(Simulation.py, run_sim) Simulation Updating for Control Entering a New Mode: mode
DEBUG:simulation_logger:(Simulation.py, run_sim) The current mode (mode) entered in timeout. Checking for if a simulation should be run. 
DEBUG:simulation_logger:(Simulation.py, run_sim) mode is paired with the simulation function: (<bound method SarahsSimulation.mode1_timeout of <__main__.SarahsSimulation object at 0x10c24b3a0>>, 1)
DEBUG:simulation_logger:(Simulation.py, run_sim) Simulaton is calling the function:<bound method SarahsSimulation.mode1_timeout of <__main__.SarahsSimulation object at 0x10c24b3a0>>
DEBUG:root:Entering the attempt move function. Vole 1 is currently in chamber 1. Destination: 2.
DEBUG:root: traversing the edge: Edge 12, connects: 1 <--['rfid1', 'door1', 'rfid2']--> 2 
DEBUG:root:(Vole.py, attempt_move) simulating vole1 interaction with rfid1
DEBUG:root:(mode.py, watch_for_threshold_event) rfid1: Threshold Name: check_threshold_with_fn, Threshold Attribute Obj: <function <lambda> at 0x10c2c15e0>
DEBUG:root:rfid1 threshold event detected!
DEBUG:root:(Vole.py, attempt_move) simulating vole1 interaction with door1
DEBUG:root:door1, threshold attribute: state, threshold value: True
DEBUG:root:door1, attribute result: False
DEBUG:root:(mode.py, watch_for_threshold_event) door1: Threshold Name: state, Threshold Attribute Obj: True
DEBUG:root:door1 threshold event detected!
DEBUG:root:(Vole.py, attempt_move) simulating vole1 interaction with rfid2
DEBUG:root:(mode.py, watch_for_threshold_event) rfid2: Threshold Name: check_threshold_with_fn, Threshold Attribute Obj: <function <lambda> at 0x10c2c1820>
DEBUG:root:rfid2 threshold event detected!
DEBUG:root:Vole 1 successfully moved into chamber 2
DEBUG:root:End of Mode 1

DEBUG:simulation_logger:

  New Mode
(Simulation.py, run_sim) Simulation Updating for Control Entering a New Mode: mode
DEBUG:simulation_logger:(Simulation.py, run_sim) The current mode (mode) entered in timeout. Checking for if a simulation should be run. 
DEBUG:simulation_logger:(Simulation.py, run_sim) mode is paired with the simulation function: (<bound method SarahsSimulation.mode2_timeout of <__main__.SarahsSimulation object at 0x10c24b3a0>>, 1)
DEBUG:simulation_logger:(Simulation.py, run_sim) Simulaton is calling the function:<bound method SarahsSimulation.mode2_timeout of <__main__.SarahsSimulation object at 0x10c24b3a0>>
DEBUG:root:Entering the attempt move function. Vole 1 is currently in chamber 2. Destination: 1.
DEBUG:root: traversing the edge: Edge 12, connects: 1 <--['rfid1', 'door1', 'rfid2']--> 2 
DEBUG:root:(Vole.py, attempt_move) simulating vole1 interaction with rfid1
DEBUG:root:(mode.py, watch_for_threshold_event) rfid1: Threshold Name: check_threshold_with_fn, Threshold Attribute Obj: <function <lambda> at 0x10c2c15e0>
DEBUG:root:rfid1 threshold event detected!
DEBUG:root:(Vole.py, attempt_move) simulating vole1 interaction with door1
DEBUG:root:door1, threshold attribute: state, threshold value: True
DEBUG:root:door1, attribute result: True
DEBUG:root:(mode.py, watch_for_threshold_event) door1: Threshold Name: state, Threshold Attribute Obj: True
DEBUG:root:door1 threshold event detected!
DEBUG:root:(Vole.py, attempt_move) simulating vole1 interaction with rfid2
DEBUG:root:(mode.py, watch_for_threshold_event) rfid2: Threshold Name: check_threshold_with_fn, Threshold Attribute Obj: <function <lambda> at 0x10c2c1820>
DEBUG:root:rfid2 threshold event detected!
DEBUG:root:Vole 1 successfully moved into chamber 1
DEBUG:root:End of Mode 2 

DEBUG:simulation_logger:



-----------------------------New Simulation Running------------------------------------
DEBUG:simulation_logger:(Simulation.py, configure_simulation) reading/parsing the file /Users/sarahlitz/Projects/Donaldson Lab/Vole Simulator Version 1/Box_Vole_Simulation/Classes/Configurations/simulation.json
DEBUG:simulation_logger:(sim_attempt_move.py, __main__) New Simulation Created: SarahsSimulation
DEBUG:simulation_logger:(Simulation.py, run_sim) Daemon Thread for getting the active mode, and running the specified simulation while active mode is in its timeout period.
DEBUG:simulation_logger:

  New Mode
(Simulation.py, run_sim) Simulation Updating for Control Entering a New Mode: Mode 1
DEBUG:simulation_logger:(Simulation.py, run_sim) The current mode (Mode 1) entered in timeout. Checking for if a simulation should be run. 
DEBUG:simulation_logger:(Simulation.py, run_sim) Mode 1 is paired with the simulation function: (<bound method SarahsSimulation.mode1_timeout of <__main__.SarahsSimulation object at 0x108d8a820>>, 1)
DEBUG:simulation_logger:(Simulation.py, run_sim) Simulaton is calling the function:<bound method SarahsSimulation.mode1_timeout of <__main__.SarahsSimulation object at 0x108d8a820>>
DEBUG:root:Entering the attempt move function. Vole 1 is currently in chamber 1. Destination: 2.
DEBUG:root: traversing the edge: Edge 12, connects: 1 <--['rfid1', 'door1', 'rfid2']--> 2 
DEBUG:root:(Vole.py, attempt_move) simulating vole1 interaction with rfid1
DEBUG:root:(mode.py, watch_for_threshold_event) rfid1: Threshold Name: check_threshold_with_fn, Threshold Attribute Obj: <function <lambda> at 0x108d92940>
DEBUG:root:rfid1 threshold event detected!
DEBUG:root:(Vole.py, attempt_move) simulating vole1 interaction with door1
DEBUG:root:door1, threshold attribute: state, threshold value: True
DEBUG:root:door1, attribute result: False
DEBUG:root:(mode.py, watch_for_threshold_event) door1: Threshold Name: state, Threshold Attribute Obj: True
DEBUG:root:door1 threshold event detected!
DEBUG:root:(Vole.py, attempt_move) simulating vole1 interaction with rfid2
DEBUG:root:(mode.py, watch_for_threshold_event) rfid2: Threshold Name: check_threshold_with_fn, Threshold Attribute Obj: <function <lambda> at 0x108d92b80>
DEBUG:root:rfid2 threshold event detected!
DEBUG:root:Vole 1 successfully moved into chamber 2
DEBUG:root:End of Mode 1

DEBUG:simulation_logger:

  New Mode
(Simulation.py, run_sim) Simulation Updating for Control Entering a New Mode: Mode 2
DEBUG:simulation_logger:(Simulation.py, run_sim) The current mode (Mode 2) entered in timeout. Checking for if a simulation should be run. 
DEBUG:simulation_logger:(Simulation.py, run_sim) Mode 2 is paired with the simulation function: (<bound method SarahsSimulation.mode2_timeout of <__main__.SarahsSimulation object at 0x108d8a820>>, 1)
DEBUG:simulation_logger:(Simulation.py, run_sim) Simulaton is calling the function:<bound method SarahsSimulation.mode2_timeout of <__main__.SarahsSimulation object at 0x108d8a820>>
DEBUG:root:Entering the attempt move function. Vole 1 is currently in chamber 2. Destination: 1.
DEBUG:root: traversing the edge: Edge 12, connects: 1 <--['rfid1', 'door1', 'rfid2']--> 2 
DEBUG:root:(Vole.py, attempt_move) simulating vole1 interaction with rfid1
DEBUG:root:(mode.py, watch_for_threshold_event) rfid1: Threshold Name: check_threshold_with_fn, Threshold Attribute Obj: <function <lambda> at 0x108d92940>
DEBUG:root:rfid1 threshold event detected!
DEBUG:root:(Vole.py, attempt_move) simulating vole1 interaction with door1
DEBUG:root:door1, threshold attribute: state, threshold value: True
DEBUG:root:door1, attribute result: True
DEBUG:root:(mode.py, watch_for_threshold_event) door1: Threshold Name: state, Threshold Attribute Obj: True
DEBUG:root:door1 threshold event detected!
DEBUG:simulation_logger:



-----------------------------New Simulation Running------------------------------------
DEBUG:simulation_logger:(Simulation.py, configure_simulation) reading/parsing the file /Users/sarahlitz/Projects/Donaldson Lab/Vole Simulator Version 1/Box_Vole_Simulation/Classes/Configurations/simulation.json
DEBUG:simulation_logger:(sim_attempt_move.py, __main__) New Simulation Created: SarahsSimulation
DEBUG:simulation_logger:(Simulation.py, run_sim) Daemon Thread for getting the active mode, and running the specified simulation while active mode is in its timeout period.
DEBUG:simulation_logger:

  New Mode
(Simulation.py, run_sim) Simulation Updating for Control Entering a New Mode: Mode 1
DEBUG:simulation_logger:(Simulation.py, run_sim) The current mode (Mode 1) entered in timeout. Checking for if a simulation should be run. 
DEBUG:simulation_logger:(Simulation.py, run_sim) Mode 1 is paired with the simulation function: (<bound method SarahsSimulation.mode1_timeout of <__main__.SarahsSimulation object at 0x10ad82790>>, 1)
DEBUG:simulation_logger:(Simulation.py, run_sim) Simulaton is calling the function:<bound method SarahsSimulation.mode1_timeout of <__main__.SarahsSimulation object at 0x10ad82790>>
DEBUG:simulation_logger:(sim_attempt_move.py, SarahsSimulation, mode1_timeout) Running the Mode 1 Simulation
DEBUG:root:Entering the attempt move function. Vole 1 is currently in chamber 1. Destination: 2.
DEBUG:root: traversing the edge: Edge 12, connects: 1 <--['rfid1', 'door1', 'rfid2']--> 2 
DEBUG:root:(Vole.py, attempt_move) simulating vole1 interaction with rfid1
DEBUG:root:(mode.py, watch_for_threshold_event) rfid1: Threshold Name: check_threshold_with_fn, Threshold Attribute Obj: <function <lambda> at 0x10acde940>
DEBUG:root:rfid1 threshold event detected!
DEBUG:root:(Vole.py, attempt_move) simulating vole1 interaction with door1
DEBUG:root:door1, threshold attribute: state, threshold value: True
DEBUG:root:door1, attribute result: False
DEBUG:root:(mode.py, watch_for_threshold_event) door1: Threshold Name: state, Threshold Attribute Obj: True
DEBUG:root:door1 threshold event detected!
DEBUG:root:(Vole.py, attempt_move) simulating vole1 interaction with rfid2
DEBUG:root:(mode.py, watch_for_threshold_event) rfid2: Threshold Name: check_threshold_with_fn, Threshold Attribute Obj: <function <lambda> at 0x10acdeb80>
DEBUG:root:rfid2 threshold event detected!
DEBUG:root:Vole 1 successfully moved into chamber 2
DEBUG:root:End of Mode 1

DEBUG:simulation_logger:

  New Mode
(Simulation.py, run_sim) Simulation Updating for Control Entering a New Mode: Mode 2
DEBUG:simulation_logger:(Simulation.py, run_sim) The current mode (Mode 2) entered in timeout. Checking for if a simulation should be run. 
DEBUG:simulation_logger:(Simulation.py, run_sim) Mode 2 is paired with the simulation function: (<bound method SarahsSimulation.mode2_timeout of <__main__.SarahsSimulation object at 0x10ad82790>>, 1)
DEBUG:simulation_logger:(Simulation.py, run_sim) Simulaton is calling the function:<bound method SarahsSimulation.mode2_timeout of <__main__.SarahsSimulation object at 0x10ad82790>>
DEBUG:simulation_logger:(sim_attempt_move.py, SarahsSimulation, mode2_timeout) Running the Mode 2 Simulation
DEBUG:root:Entering the attempt move function. Vole 1 is currently in chamber 2. Destination: 1.
DEBUG:root: traversing the edge: Edge 12, connects: 1 <--['rfid1', 'door1', 'rfid2']--> 2 
DEBUG:root:(Vole.py, attempt_move) simulating vole1 interaction with rfid1
DEBUG:root:(mode.py, watch_for_threshold_event) rfid1: Threshold Name: check_threshold_with_fn, Threshold Attribute Obj: <function <lambda> at 0x10acde940>
DEBUG:root:rfid1 threshold event detected!
DEBUG:root:(Vole.py, attempt_move) simulating vole1 interaction with door1
DEBUG:root:door1, threshold attribute: state, threshold value: True
DEBUG:root:door1, attribute result: True
DEBUG:root:(mode.py, watch_for_threshold_event) door1: Threshold Name: state, Threshold Attribute Obj: True
DEBUG:root:door1 threshold event detected!
DEBUG:root:(Vole.py, attempt_move) simulating vole1 interaction with rfid2
DEBUG:root:(mode.py, watch_for_threshold_event) rfid2: Threshold Name: check_threshold_with_fn, Threshold Attribute Obj: <function <lambda> at 0x10acdeb80>
DEBUG:root:rfid2 threshold event detected!
DEBUG:root:Vole 1 successfully moved into chamber 1
DEBUG:root:End of Mode 2 

