



-----------------------------New Simulation Running------------------------------------
(Simulation.py, configure_simulation) reading/parsing the file /Users/sarahlitz/Projects/Donaldson Lab/Vole Simulator Version 1/Box_Vole_Simulation/Classes/Configurations/simulation.json
(sim_attempt_move.py, __main__) New Simulation Created: SarahsSimulation
(Simulation.py, run_sim) Daemon Thread for getting the active mode, and running the specified simulation while active mode is in its timeout period.
NEW MODE: (Simulation.py, run_sim) Simulation Updating for Control Entering a New Mode: Mode 1
(Simulation.py, run_sim) The current mode (Mode 1) entered in timeout. Checking for if a simulation should be run. 
(Simulation.py, run_sim) Mode 1 is paired with the simulation function: (<bound method SarahsSimulation.mode1_timeout of <__main__.SarahsSimulation object at 0x102219790>>, 1)
(Simulation.py, run_sim) Simulaton is calling the function:<bound method SarahsSimulation.mode1_timeout of <__main__.SarahsSimulation object at 0x102219790>>
(sim_attempt_move.py, SarahsSimulation, mode1_timeout) Running the Mode 1 Simulation
(Vole.py, attempt_move) Entering the attempt move function. Vole 1 is currently in chamber 1. Destination: 2.
(Vole.py, attempt_move) traversing the edge: Edge 12, connects: 1 <--['rfid1', 'door1', 'rfid2']--> 2 
(Vole.py, attempt_move) simulating vole1 interaction with rfid1
NEW MODE: (Simulation.py, run_sim) Simulation Updating for Control Entering a New Mode: Mode 2
(Simulation.py, run_sim) The current mode (Mode 2) entered in timeout. Checking for if a simulation should be run. 
(Simulation.py, run_sim) Mode 2 is paired with the simulation function: (<bound method SarahsSimulation.mode2_timeout of <__main__.SarahsSimulation object at 0x102219790>>, 1)
(Simulation.py, run_sim) Simulaton is calling the function:<bound method SarahsSimulation.mode2_timeout of <__main__.SarahsSimulation object at 0x102219790>>
(sim_attempt_move.py, SarahsSimulation, mode2_timeout) Running the Mode 2 Simulation
(Vole.py, attempt_move) Entering the attempt move function. Vole 1 is currently in chamber 1. Destination: 1.
(Vole.py, attempt_move) attempting a move that is not physically possible according to Map layout. Skipping Move Request




-----------------------------New Simulation Running------------------------------------
(Simulation.py, configure_simulation) reading/parsing the file /Users/sarahlitz/Projects/Donaldson Lab/Vole Simulator Version 1/Box_Vole_Simulation/Classes/Configurations/simulation.json
(sim_attempt_move.py, __main__) New Simulation Created: SarahsSimulation
(Simulation.py, run_sim) Daemon Thread for getting the active mode, and running the specified simulation while active mode is in its timeout period.
NEW MODE: (Simulation.py, run_sim) Simulation Updating for Control Entering a New Mode: Mode 1
(Simulation.py, run_sim) The current mode (Mode 1) entered in timeout. Checking for if a simulation should be run. 
(Simulation.py, run_sim) Mode 1 is paired with the simulation function: (<bound method SarahsSimulation.mode1_timeout of <__main__.SarahsSimulation object at 0x106860700>>, 1)
(Simulation.py, run_sim) Simulaton is calling the function:<bound method SarahsSimulation.mode1_timeout of <__main__.SarahsSimulation object at 0x106860700>>
(sim_attempt_move.py, SarahsSimulation, mode1_timeout) Running the Mode 1 Simulation
(Vole.py, attempt_move) Entering the attempt move function. Vole 1 is currently in chamber 1. Destination: 2.
(Vole.py, attempt_move) traversing the edge: Edge 12, connects: 1 <--['rfid1', 'door1', 'rfid2']--> 2 
(Vole.py, attempt_move) simulating vole1 interaction with rfid1
(Vole.py, attempt_move) simulating vole1 interaction with door1
(Vole.py, attempt_move) door1, threshold attribute: state, threshold value: True
(Vole.py, attempt_move) door1, attribute result: False
(Vole.py, attempt_move) simulating vole1 interaction with rfid2
(Vole.py, attempt_move) Vole 1 successfully moved into chamber 2
NEW MODE: (Simulation.py, run_sim) Simulation Updating for Control Entering a New Mode: Mode 2
(Simulation.py, run_sim) The current mode (Mode 2) entered in timeout. Checking for if a simulation should be run. 
(Simulation.py, run_sim) Mode 2 is paired with the simulation function: (<bound method SarahsSimulation.mode2_timeout of <__main__.SarahsSimulation object at 0x106860700>>, 1)
(Simulation.py, run_sim) Simulaton is calling the function:<bound method SarahsSimulation.mode2_timeout of <__main__.SarahsSimulation object at 0x106860700>>
(sim_attempt_move.py, SarahsSimulation, mode2_timeout) Running the Mode 2 Simulation
(Vole.py, attempt_move) Entering the attempt move function. Vole 1 is currently in chamber 2. Destination: 1.
(Vole.py, attempt_move) traversing the edge: Edge 12, connects: 1 <--['rfid1', 'door1', 'rfid2']--> 2 
(Vole.py, attempt_move) simulating vole1 interaction with rfid1
(Vole.py, attempt_move) simulating vole1 interaction with door1
(Vole.py, attempt_move) door1, threshold attribute: state, threshold value: True
(Vole.py, attempt_move) door1, attribute result: True




-----------------------------New Simulation Running------------------------------------
(Simulation.py, configure_simulation) reading/parsing the file /Users/sarahlitz/Projects/Donaldson Lab/Vole Simulator Version 1/Box_Vole_Simulation/Classes/Configurations/simulation.json
(sim_attempt_move.py, __main__) New Simulation Created: SarahsSimulation
(Simulation.py, run_sim) Daemon Thread for getting the active mode, and running the specified simulation while active mode is in its timeout period.
NEW MODE: (Simulation.py, run_sim) Simulation Updating for Control Entering a New Mode: Mode 1
(Simulation.py, run_sim) The current mode (Mode 1) entered in timeout. Checking for if a simulation should be run. 
(Simulation.py, run_sim) Mode 1 is paired with the simulation function: (<bound method SarahsSimulation.mode1_timeout of <__main__.SarahsSimulation object at 0x10c3a6700>>, 1)
(Simulation.py, run_sim) Simulaton is calling the function:<bound method SarahsSimulation.mode1_timeout of <__main__.SarahsSimulation object at 0x10c3a6700>>
(sim_attempt_move.py, SarahsSimulation, mode1_timeout) Running the Mode 1 Simulation
(Vole.py, attempt_move) Entering the attempt move function. Vole 1 is currently in chamber 1. Destination: 2.
(Vole.py, attempt_move) traversing the edge: Edge 12, connects: 1 <--['rfid1', 'door1', 'rfid2']--> 2 
(Vole.py, attempt_move) simulating vole1 interaction with rfid1
(Vole.py, attempt_move) simulating vole1 interaction with door1
(Vole.py, attempt_move) door1, threshold attribute: state, threshold value: True
(Vole.py, attempt_move) door1, attribute result: False
(Vole.py, attempt_move) simulating vole1 interaction with rfid2
(Vole.py, attempt_move) Vole 1 successfully moved into chamber 2
NEW MODE: (Simulation.py, run_sim) Simulation Updating for Control Entering a New Mode: Mode 2
(Simulation.py, run_sim) The current mode (Mode 2) entered in timeout. Checking for if a simulation should be run. 
(Simulation.py, run_sim) Mode 2 is paired with the simulation function: (<bound method SarahsSimulation.mode2_timeout of <__main__.SarahsSimulation object at 0x10c3a6700>>, 1)
(Simulation.py, run_sim) Simulaton is calling the function:<bound method SarahsSimulation.mode2_timeout of <__main__.SarahsSimulation object at 0x10c3a6700>>
(sim_attempt_move.py, SarahsSimulation, mode2_timeout) Running the Mode 2 Simulation
(Vole.py, attempt_move) Entering the attempt move function. Vole 1 is currently in chamber 2. Destination: 1.
(Vole.py, attempt_move) traversing the edge: Edge 12, connects: 1 <--['rfid1', 'door1', 'rfid2']--> 2 
(Vole.py, attempt_move) simulating vole1 interaction with rfid1
(Vole.py, attempt_move) simulating vole1 interaction with door1
(Vole.py, attempt_move) door1, threshold attribute: state, threshold value: True
(Vole.py, attempt_move) door1, attribute result: True
(Vole.py, attempt_move) simulating vole1 interaction with rfid2
(Vole.py, attempt_move) Vole 1 successfully moved into chamber 1




-----------------------------New Simulation Running------------------------------------
(Simulation.py, configure_simulation) reading/parsing the file /Users/sarahlitz/Projects/Donaldson Lab/Vole Simulator Version 1/Box_Vole_Simulation/Classes/Configurations/simulation.json
(sim_attempt_move.py, __main__) New Simulation Created: SarahsSimulation
(Simulation.py, run_sim) Daemon Thread for getting the active mode, and running the specified simulation while active mode is in its timeout period.
NEW MODE: (Simulation.py, run_sim) Simulation Updating for Control Entering a New Mode: Mode 1
(Simulation.py, run_sim) The current mode (Mode 1) entered in timeout. Checking for if a simulation should be run. 
(Simulation.py, run_sim) Mode 1 is paired with the simulation function: (<bound method SarahsSimulation.mode1_timeout of <__main__.SarahsSimulation object at 0x10fa20b20>>, 1)
(Simulation.py, run_sim) Simulaton is calling the function:<bound method SarahsSimulation.mode1_timeout of <__main__.SarahsSimulation object at 0x10fa20b20>>
(sim_attempt_move.py, SarahsSimulation, mode1_timeout) Running the Mode 1 Simulation
(Vole.py, attempt_move) Entering the attempt move function. Vole 1 is currently in chamber 1. Destination: 2.
(Vole.py, attempt_move) traversing the edge: Edge 12, connects: 1 <--['rfid1', 'door1', 'rfid2']--> 2 
(Vole.py, attempt_move) simulating vole1 interaction with rfid1




-----------------------------New Simulation Running------------------------------------
(Simulation.py, configure_simulation) reading/parsing the file /Users/sarahlitz/Projects/Donaldson Lab/Vole Simulator Version 1/Box_Vole_Simulation/Classes/Configurations/simulation.json
(sim_attempt_move.py, __main__) New Simulation Created: SarahsSimulation
(Simulation.py, run_sim) Daemon Thread for getting the active mode, and running the specified simulation while active mode is in its timeout period.
NEW MODE: (Simulation.py, run_sim) Simulation Updating for Control Entering a New Mode: Mode 1
(Simulation.py, run_sim) The current mode (Mode 1) entered in timeout. Checking for if a simulation should be run. 
(Simulation.py, run_sim) Mode 1 is paired with the simulation function: (<bound method SarahsSimulation.mode1_timeout of <__main__.SarahsSimulation object at 0x10c494820>>, 1)
(Simulation.py, run_sim) Simulaton is calling the function:<bound method SarahsSimulation.mode1_timeout of <__main__.SarahsSimulation object at 0x10c494820>>
(sim_attempt_move.py, SarahsSimulation, mode1_timeout) Running the Mode 1 Simulation
(Vole.py, attempt_move) Entering the attempt move function. Vole 1 is currently in chamber 1. Destination: 2.
(Vole.py, attempt_move) traversing the edge: Edge 12, connects: 1 <--['rfid1', 'door1', 'rfid2']--> 2 
(Vole.py, attempt_move) simulating vole1 interaction with rfid1




-----------------------------New Simulation Running------------------------------------
(Simulation.py, configure_simulation) reading/parsing the file /Users/sarahlitz/Projects/Donaldson Lab/Vole Simulator Version 1/Box_Vole_Simulation/Classes/Configurations/simulation.json
(sim_attempt_move.py, __main__) New Simulation Created: SarahsSimulation




-----------------------------New Simulation Running------------------------------------
(Simulation.py, configure_simulation) reading/parsing the file /Users/sarahlitz/Projects/Donaldson Lab/Vole Simulator Version 1/Box_Vole_Simulation/Classes/Configurations/simulation.json
(sim_attempt_move.py, __main__) New Simulation Created: SarahsSimulation




-----------------------------New Simulation Running------------------------------------
(Simulation.py, configure_simulation) reading/parsing the file /Users/sarahlitz/Projects/Donaldson Lab/Vole Simulator Version 1/Box_Vole_Simulation/Classes/Configurations/simulation.json
(sim_attempt_move.py, __main__) New Simulation Created: SarahsSimulation




-----------------------------New Simulation Running------------------------------------
(Simulation.py, configure_simulation) reading/parsing the file /Users/sarahlitz/Projects/Donaldson Lab/Vole Simulator Version 1/Box_Vole_Simulation/Classes/Configurations/simulation.json
(sim_attempt_move.py, __main__) New Simulation Created: SarahsSimulation
(Simulation.py, run_sim) Daemon Thread for getting the active mode, and running the specified simulation while active mode is in its timeout period.
NEW MODE: (Simulation.py, run_sim) Simulation Updating for Control Entering a New Mode: Mode 1
(Simulation.py, run_sim) The current mode (Mode 1) entered in timeout. Checking for if a simulation should be run. 
(Simulation.py, run_sim) Mode 1 is paired with the simulation function: (<bound method SarahsSimulation.mode1_timeout of <__main__.SarahsSimulation object at 0x10b2a5820>>, 1)
(Simulation.py, run_sim) Simulaton is calling the function:<bound method SarahsSimulation.mode1_timeout of <__main__.SarahsSimulation object at 0x10b2a5820>>
(sim_attempt_move.py, SarahsSimulation, mode1_timeout) Running the Mode 1 Simulation
(Vole.py, attempt_move) Entering the attempt move function. Vole 1 is currently in chamber 1. Destination: 2.
(Vole.py, attempt_move) traversing the edge: Edge 12, connects: 1 <--['rfid1', 'door1', 'rfid2']--> 2 
(Vole.py, attempt_move) simulating vole1 interaction with rfid1
NEW MODE: (Simulation.py, run_sim) Simulation Updating for Control Entering a New Mode: Mode 2
(Simulation.py, run_sim) The current mode (Mode 2) entered in timeout. Checking for if a simulation should be run. 
(Simulation.py, run_sim) Mode 2 is paired with the simulation function: (<bound method SarahsSimulation.mode2_timeout of <__main__.SarahsSimulation object at 0x10b2a5820>>, 1)
(Simulation.py, run_sim) Simulaton is calling the function:<bound method SarahsSimulation.mode2_timeout of <__main__.SarahsSimulation object at 0x10b2a5820>>
(sim_attempt_move.py, SarahsSimulation, mode2_timeout) Running the Mode 2 Simulation
(Vole.py, attempt_move) Entering the attempt move function. Vole 1 is currently in chamber 1. Destination: 1.
(Vole.py, attempt_move) attempting a move that is not physically possible according to Map layout. Skipping Move Request




-----------------------------New Simulation Running------------------------------------
(Simulation.py, configure_simulation) reading/parsing the file /Users/sarahlitz/Projects/Donaldson Lab/Vole Simulator Version 1/Box_Vole_Simulation/Classes/Configurations/simulation.json
(sim_attempt_move.py, __main__) New Simulation Created: SarahsSimulation
(Simulation.py, run_sim) Daemon Thread for getting the active mode, and running the specified simulation while active mode is in its timeout period.
NEW MODE: (Simulation.py, run_sim) Simulation Updating for Control Entering a New Mode: Mode 1
(Simulation.py, run_sim) The current mode (Mode 1) entered in timeout. Checking for if a simulation should be run. 
(Simulation.py, run_sim) Mode 1 is paired with the simulation function: (<bound method SarahsSimulation.mode1_timeout of <__main__.SarahsSimulation object at 0x10b5387c0>>, 1)
(Simulation.py, run_sim) Simulaton is calling the function:<bound method SarahsSimulation.mode1_timeout of <__main__.SarahsSimulation object at 0x10b5387c0>>
(sim_attempt_move.py, SarahsSimulation, mode1_timeout) Running the Mode 1 Simulation
(Vole.py, attempt_move) Entering the attempt move function. Vole 1 is currently in chamber 1. Destination: 2.
(Vole.py, attempt_move) traversing the edge: Edge 12, connects: 1 <--['rfid1', 'door1', 'rfid2']--> 2 
(Vole.py, attempt_move) simulating vole1 interaction with rfid1




-----------------------------New Simulation Running------------------------------------
(Simulation.py, configure_simulation) reading/parsing the file /Users/sarahlitz/Projects/Donaldson Lab/Vole Simulator Version 1/Box_Vole_Simulation/Classes/Configurations/simulation.json
(sim_attempt_move.py, __main__) New Simulation Created: SarahsSimulation
(Simulation.py, run_sim) Daemon Thread for getting the active mode, and running the specified simulation while active mode is in its timeout period.
NEW MODE: (Simulation.py, run_sim) Simulation Updating for Control Entering a New Mode: Mode 1
(Simulation.py, run_sim) The current mode (Mode 1) entered in timeout. Checking for if a simulation should be run. 
(Simulation.py, run_sim) Mode 1 is paired with the simulation function: (<bound method SarahsSimulation.mode1_timeout of <__main__.SarahsSimulation object at 0x10a084850>>, 1)
(Simulation.py, run_sim) Simulaton is calling the function:<bound method SarahsSimulation.mode1_timeout of <__main__.SarahsSimulation object at 0x10a084850>>
(sim_attempt_move.py, SarahsSimulation, mode1_timeout) Running the Mode 1 Simulation
(Vole.py, attempt_move) Entering the attempt move function. Vole 1 is currently in chamber 1. Destination: 2.
(Vole.py, attempt_move) traversing the edge: Edge 12, connects: 1 <--['rfid1', 'door1', 'rfid2']--> 2 
(Vole.py, attempt_move) simulating vole1 interaction with rfid1
NEW MODE: (Simulation.py, run_sim) Simulation Updating for Control Entering a New Mode: Mode 2
(Simulation.py, run_sim) The current mode (Mode 2) entered in timeout. Checking for if a simulation should be run. 
(Simulation.py, run_sim) Mode 2 is paired with the simulation function: (<bound method SarahsSimulation.mode2_timeout of <__main__.SarahsSimulation object at 0x10a084850>>, 1)
(Simulation.py, run_sim) Simulaton is calling the function:<bound method SarahsSimulation.mode2_timeout of <__main__.SarahsSimulation object at 0x10a084850>>
(sim_attempt_move.py, SarahsSimulation, mode2_timeout) Running the Mode 2 Simulation
(Vole.py, attempt_move) Entering the attempt move function. Vole 1 is currently in chamber 1. Destination: 1.
(Vole.py, attempt_move) attempting a move that is not physically possible according to Map layout. Skipping Move Request




-----------------------------New Simulation Running------------------------------------
(Simulation.py, configure_simulation) reading/parsing the file /Users/sarahlitz/Projects/Donaldson Lab/Vole Simulator Version 1/Box_Vole_Simulation/Classes/Configurations/simulation.json
(sim_attempt_move.py, __main__) New Simulation Created: SarahsSimulation




-----------------------------New Simulation Running------------------------------------
(Simulation.py, configure_simulation) reading/parsing the file /Users/sarahlitz/Projects/Donaldson Lab/Vole Simulator Version 1/Box_Vole_Simulation/Classes/Configurations/simulation.json
(sim_attempt_move.py, __main__) New Simulation Created: SarahsSimulation




-----------------------------New Simulation Running------------------------------------
(Simulation.py, configure_simulation) reading/parsing the file /Users/sarahlitz/Projects/Donaldson Lab/Vole Simulator Version 1/Box_Vole_Simulation/Classes/Configurations/simulation.json
(sim_attempt_move.py, __main__) New Simulation Created: SarahsSimulation
(Simulation.py, run_sim) Daemon Thread for getting the active mode, and running the specified simulation while active mode is in its timeout period.
NEW MODE: (Simulation.py, run_sim) Simulation Updating for Control Entering a New Mode: Mode 1
(Simulation.py, run_sim) The current mode (Mode 1) entered in timeout. Checking for if a simulation should be run. 
(Simulation.py, run_sim) Mode 1 is paired with the simulation function: (<bound method SarahsSimulation.mode1_timeout of <__main__.SarahsSimulation object at 0x106a57850>>, 1)
(Simulation.py, run_sim) Simulaton is calling the function:<bound method SarahsSimulation.mode1_timeout of <__main__.SarahsSimulation object at 0x106a57850>>
(sim_attempt_move.py, SarahsSimulation, mode1_timeout) Running the Mode 1 Simulation
(Vole.py, attempt_move) Entering the attempt move function. Vole 1 is currently in chamber 1. Destination: 2.
(Vole.py, attempt_move) traversing the edge: Edge 12, connects: 1 <--['rfid1', 'door1', 'rfid2']--> 2 
(Vole.py, attempt_move) simulating vole1 interaction with rfid1
(Vole.py, attempt_move) simulating vole1 interaction with door1
(Vole.py, attempt_move) door1, threshold attribute: state, threshold value: True
(Vole.py, attempt_move) door1, attribute result: False
(Vole.py, attempt_move) simulating vole1 interaction with rfid2
(Vole.py, attempt_move) Vole 1 successfully moved into chamber 2




-----------------------------New Simulation Running------------------------------------
(Simulation.py, configure_simulation) reading/parsing the file /Users/sarahlitz/Projects/Donaldson Lab/Vole Simulator Version 1/Box_Vole_Simulation/Classes/Configurations/simulation.json
(sim_attempt_move.py, __main__) New Simulation Created: SarahsSimulation
(Simulation.py, run_sim) Daemon Thread for getting the active mode, and running the specified simulation while active mode is in its timeout period.
NEW MODE: (Simulation.py, run_sim) Simulation Updating for Control Entering a New Mode: Mode 1




-----------------------------New Simulation Running------------------------------------
(Simulation.py, configure_simulation) reading/parsing the file /Users/sarahlitz/Projects/Donaldson Lab/Vole Simulator Version 1/Box_Vole_Simulation/Classes/Configurations/simulation.json
(sim_attempt_move.py, __main__) New Simulation Created: SarahsSimulation
(Simulation.py, run_sim) Daemon Thread for getting the active mode, and running the specified simulation while active mode is in its timeout period.
NEW MODE: (Simulation.py, run_sim) Simulation Updating for Control Entering a New Mode: Mode 1
(Simulation.py, run_sim) The current mode (Mode 1) entered in timeout. Checking for if a simulation should be run. 
(Simulation.py, run_sim) Mode 1 is paired with the simulation function: (<bound method SarahsSimulation.mode1_timeout of <__main__.SarahsSimulation object at 0x105f3a7f0>>, 1)
(Simulation.py, run_sim) Simulaton is calling the function:<bound method SarahsSimulation.mode1_timeout of <__main__.SarahsSimulation object at 0x105f3a7f0>>
(sim_attempt_move.py, SarahsSimulation, mode1_timeout) Running the Mode 1 Simulation
(Vole.py, attempt_move) Entering the attempt move function. Vole 1 is currently in chamber 1. Destination: 2.
(Vole.py, attempt_move) traversing the edge: Edge 12, connects: 1 <--['rfid1', 'door1', 'rfid2']--> 2 
(Vole.py, attempt_move) simulating vole1 interaction with rfid1
(Vole.py, attempt_move) simulating vole1 interaction with door1
(Vole.py, attempt_move) door1, threshold attribute: state, threshold value: True
(Vole.py, attempt_move) door1, attribute result: False
(Vole.py, attempt_move) simulating vole1 interaction with rfid2
(Vole.py, attempt_move) Vole 1 successfully moved into chamber 2
NEW MODE: (Simulation.py, run_sim) Simulation Updating for Control Entering a New Mode: Mode 2
(Simulation.py, run_sim) The current mode (Mode 2) entered in timeout. Checking for if a simulation should be run. 
(Simulation.py, run_sim) Mode 2 is paired with the simulation function: (<bound method SarahsSimulation.mode2_timeout of <__main__.SarahsSimulation object at 0x105f3a7f0>>, 1)
(Simulation.py, run_sim) Simulaton is calling the function:<bound method SarahsSimulation.mode2_timeout of <__main__.SarahsSimulation object at 0x105f3a7f0>>
(sim_attempt_move.py, SarahsSimulation, mode2_timeout) Running the Mode 2 Simulation
(Vole.py, attempt_move) Entering the attempt move function. Vole 1 is currently in chamber 2. Destination: 1.
(Vole.py, attempt_move) traversing the edge: Edge 12, connects: 1 <--['rfid1', 'door1', 'rfid2']--> 2 
(Vole.py, attempt_move) simulating vole1 interaction with rfid1
(Vole.py, attempt_move) simulating vole1 interaction with door1
(Vole.py, attempt_move) door1, threshold attribute: state, threshold value: True
(Vole.py, attempt_move) door1, attribute result: True
(Vole.py, attempt_move) simulating vole1 interaction with rfid2




-----------------------------New Simulation Running------------------------------------
(Simulation.py, configure_simulation) reading/parsing the file /Users/sarahlitz/Projects/Donaldson Lab/Vole Simulator Version 1/Box_Vole_Simulation/Classes/Configurations/simulation.json
(sim_attempt_move.py, __main__) New Simulation Created: SarahsSimulation




-----------------------------New Simulation Running------------------------------------
(Simulation.py, configure_simulation) reading/parsing the file /Users/sarahlitz/Projects/Donaldson Lab/Vole Simulator Version 1/Box_Vole_Simulation/Classes/Configurations/simulation.json
(sim_attempt_move.py, __main__) New Simulation Created: SarahsSimulation




-----------------------------New Simulation Running------------------------------------
(Simulation.py, configure_simulation) reading/parsing the file /Users/sarahlitz/Projects/Donaldson Lab/Vole Simulator Version 1/Box_Vole_Simulation/Classes/Configurations/simulation.json
(sim_attempt_move.py, __main__) New Simulation Created: SarahsSimulation




-----------------------------New Simulation Running------------------------------------
(Simulation.py, configure_simulation) reading/parsing the file /Users/sarahlitz/Projects/Donaldson Lab/Vole Simulator Version 1/Box_Vole_Simulation/Classes/Configurations/simulation.json
(sim_attempt_move.py, __main__) New Simulation Created: SarahsSimulation




-----------------------------New Simulation Running------------------------------------
(Simulation.py, configure_simulation) reading/parsing the file /Users/sarahlitz/Projects/Donaldson Lab/Vole Simulator Version 1/Box_Vole_Simulation/Classes/Configurations/simulation.json
(sim_attempt_move.py, __main__) New Simulation Created: SarahsSimulation
(Simulation.py, run_sim) Daemon Thread for getting the active mode, and running the specified simulation while active mode is in its timeout period.
NEW MODE: (Simulation.py, run_sim) Simulation Updating for Control Entering a New Mode: Mode 1
(Simulation.py, run_sim) The current mode (Mode 1) entered in timeout. Checking for if a simulation should be run. 
(Simulation.py, run_sim) Mode 1 is paired with the simulation function: (<bound method SarahsSimulation.mode1_timeout of <__main__.SarahsSimulation object at 0x10f2fa850>>, 1)
(Simulation.py, run_sim) Simulaton is calling the function:<bound method SarahsSimulation.mode1_timeout of <__main__.SarahsSimulation object at 0x10f2fa850>>
(sim_attempt_move.py, SarahsSimulation, mode1_timeout) Running the Mode 1 Simulation
(Vole.py, attempt_move) Entering the attempt move function. Vole 1 is currently in chamber 1. Destination: 2.
(Vole.py, attempt_move) traversing the edge: Edge 12, connects: 1 <--['rfid1', 'door1', 'rfid2']--> 2 
(Vole.py, attempt_move) simulating vole1 interaction with rfid1




-----------------------------New Simulation Running------------------------------------
(Simulation.py, configure_simulation) reading/parsing the file /Users/sarahlitz/Projects/Donaldson Lab/Vole Simulator Version 1/Box_Vole_Simulation/Classes/Configurations/simulation.json
(sim_attempt_move.py, __main__) New Simulation Created: SarahsSimulation
(Simulation.py, run_sim) Daemon Thread for getting the active mode, and running the specified simulation while active mode is in its timeout period.
NEW MODE: (Simulation.py, run_sim) Simulation Updating for Control Entering a New Mode: Mode 1
(Simulation.py, run_sim) The current mode (Mode 1) entered in timeout. Checking for if a simulation should be run. 
(Simulation.py, run_sim) Mode 1 is paired with the simulation function: (<bound method SarahsSimulation.mode1_timeout of <__main__.SarahsSimulation object at 0x104034850>>, 1)
(Simulation.py, run_sim) Simulaton is calling the function:<bound method SarahsSimulation.mode1_timeout of <__main__.SarahsSimulation object at 0x104034850>>
(sim_attempt_move.py, SarahsSimulation, mode1_timeout) Running the Mode 1 Simulation
(Vole.py, attempt_move) Entering the attempt move function. Vole 1 is currently in chamber 1. Destination: 2.
(Vole.py, attempt_move) traversing the edge: Edge 12, connects: 1 <--['rfid1', 'door1', 'rfid2']--> 2 
(Vole.py, attempt_move) simulating vole1 interaction with rfid1
(Vole.py, attempt_move) simulating vole1 interaction with door1
(Vole.py, attempt_move) door1, threshold attribute: state, threshold value: True
(Vole.py, attempt_move) door1, attribute result: False




-----------------------------New Simulation Running------------------------------------
(Simulation.py, configure_simulation) reading/parsing the file /Users/sarahlitz/Projects/Donaldson Lab/Vole Simulator Version 1/Box_Vole_Simulation/Classes/Configurations/simulation.json
(sim_attempt_move.py, __main__) New Simulation Created: SarahsSimulation
(Simulation.py, run_sim) Daemon Thread for getting the active mode, and running the specified simulation while active mode is in its timeout period.
NEW MODE: (Simulation.py, run_sim) Simulation Updating for Control Entering a New Mode: Mode 1
(Simulation.py, run_sim) The current mode (Mode 1) entered in timeout. Checking for if a simulation should be run. 
(Simulation.py, run_sim) Mode 1 is paired with the simulation function: (<bound method SarahsSimulation.mode1_timeout of <__main__.SarahsSimulation object at 0x104446850>>, 1)
(Simulation.py, run_sim) Simulaton is calling the function:<bound method SarahsSimulation.mode1_timeout of <__main__.SarahsSimulation object at 0x104446850>>
(sim_attempt_move.py, SarahsSimulation, mode1_timeout) Running the Mode 1 Simulation
(Vole.py, attempt_move) Entering the attempt move function. Vole 1 is currently in chamber 1. Destination: 2.
(Vole.py, attempt_move) traversing the edge: Edge 12, connects: 1 <--['rfid1', 'door1', 'rfid2']--> 2 
(Vole.py, attempt_move) simulating vole1 interaction with rfid1




-----------------------------New Simulation Running------------------------------------
(Simulation.py, configure_simulation) reading/parsing the file /Users/sarahlitz/Projects/Donaldson Lab/Vole Simulator Version 1/Box_Vole_Simulation/Classes/Configurations/simulation.json
(sim_attempt_move.py, __main__) New Simulation Created: SarahsSimulation
(Simulation.py, run_sim) Daemon Thread for getting the active mode, and running the specified simulation while active mode is in its timeout period.
NEW MODE: (Simulation.py, run_sim) Simulation Updating for Control Entering a New Mode: Mode 1
(Simulation.py, run_sim) The current mode (Mode 1) entered in timeout. Checking for if a simulation should be run. 
(Simulation.py, run_sim) Mode 1 is paired with the simulation function: (<bound method SarahsSimulation.mode1_timeout of <__main__.SarahsSimulation object at 0x100f11d00>>, 1)
(Simulation.py, run_sim) Simulaton is calling the function:<bound method SarahsSimulation.mode1_timeout of <__main__.SarahsSimulation object at 0x100f11d00>>
(sim_attempt_move.py, SarahsSimulation, mode1_timeout) Running the Mode 1 Simulation
(Vole.py, attempt_move) Entering the attempt move function. Vole 1 is currently in chamber 1. Destination: 2.
(Vole.py, attempt_move) traversing the edge: Edge 12, connects: 1 <--['rfid1', 'door1', 'rfid2']--> 2 
(Vole.py, attempt_move) simulating vole1 interaction with rfid1
(Vole.py, attempt_move) simulating vole1 interaction with door1
(Vole.py, attempt_move) door1, threshold attribute: state, threshold value: True
(Vole.py, attempt_move) door1, attribute result: False
(Vole.py, attempt_move) simulating vole1 interaction with rfid2
(Vole.py, attempt_move) Vole 1 successfully moved into chamber 2
NEW MODE: (Simulation.py, run_sim) Simulation Updating for Control Entering a New Mode: Mode 2
(Simulation.py, run_sim) The current mode (Mode 2) entered in timeout. Checking for if a simulation should be run. 
(Simulation.py, run_sim) Mode 2 is paired with the simulation function: (<bound method SarahsSimulation.mode2_timeout of <__main__.SarahsSimulation object at 0x100f11d00>>, 1)
(Simulation.py, run_sim) Simulaton is calling the function:<bound method SarahsSimulation.mode2_timeout of <__main__.SarahsSimulation object at 0x100f11d00>>
(sim_attempt_move.py, SarahsSimulation, mode2_timeout) Running the Mode 2 Simulation
(Vole.py, attempt_move) Entering the attempt move function. Vole 1 is currently in chamber 2. Destination: 1.
(Vole.py, attempt_move) traversing the edge: Edge 12, connects: 1 <--['rfid1', 'door1', 'rfid2']--> 2 
(Vole.py, attempt_move) simulating vole1 interaction with rfid1
(Vole.py, attempt_move) simulating vole1 interaction with door1
(Vole.py, attempt_move) door1, threshold attribute: state, threshold value: True
(Vole.py, attempt_move) door1, attribute result: True
(Vole.py, attempt_move) simulating vole1 interaction with rfid2
(Vole.py, attempt_move) Vole 1 successfully moved into chamber 1




-----------------------------New Simulation Running------------------------------------
(Simulation.py, configure_simulation) reading/parsing the file /Users/sarahlitz/Projects/Donaldson Lab/Vole Simulator Version 1/Box_Vole_Simulation/Classes/Configurations/simulation.json
(sim_attempt_move.py, __main__) New Simulation Created: SarahsSimulation




-----------------------------New Simulation Running------------------------------------
(Simulation.py, configure_simulation) reading/parsing the file /Users/sarahlitz/Projects/Donaldson Lab/Vole Simulator Version 1/Box_Vole_Simulation/Classes/Configurations/simulation.json
(sim_attempt_move.py, __main__) New Simulation Created: SarahsSimulation




-----------------------------New Simulation Running------------------------------------
(Simulation.py, configure_simulation) reading/parsing the file /Users/sarahlitz/Projects/Donaldson Lab/Vole Simulator Version 1/Box_Vole_Simulation/Classes/Configurations/simulation.json
(sim_attempt_move.py, __main__) New Simulation Created: SarahsSimulation
(Simulation.py, run_sim) Daemon Thread for getting the active mode, and running the specified simulation while active mode is in its timeout period.
NEW MODE: (Simulation.py, run_sim) Simulation Updating for Control Entering a New Mode: Mode 1
(Simulation.py, run_sim) The current mode (Mode 1) entered in timeout. Checking for if a simulation should be run. 
(Simulation.py, run_sim) Mode 1 is paired with the simulation function: (<bound method SarahsSimulation.mode1_timeout of <__main__.SarahsSimulation object at 0x10381b670>>, 1)
(Simulation.py, run_sim) Simulaton is calling the function:<bound method SarahsSimulation.mode1_timeout of <__main__.SarahsSimulation object at 0x10381b670>>
(sim_attempt_move.py, SarahsSimulation, mode1_timeout) Running the Mode 1 Simulation
(Vole.py, attempt_move) Entering the attempt move function. Vole 1 is currently in chamber 1. Destination: 2.
(Vole.py, attempt_move) traversing the edge: Edge 12, connects: 1 <--['rfid1', 'door1', 'rfid2']--> 2 
(Vole.py, attempt_move) simulating vole1 interaction with rfid1
(Vole.py, attempt_move) simulating vole1 interaction with door1
(Vole.py, attempt_move) door1, threshold attribute: state, threshold value: True
(Vole.py, attempt_move) door1, attribute result: False
(Vole.py, attempt_move) simulating vole1 interaction with rfid2
(Vole.py, attempt_move) Vole 1 successfully moved into chamber 2
NEW MODE: (Simulation.py, run_sim) Simulation Updating for Control Entering a New Mode: Mode 2
(Simulation.py, run_sim) The current mode (Mode 2) entered in timeout. Checking for if a simulation should be run. 
(Simulation.py, run_sim) Mode 2 is paired with the simulation function: (<bound method SarahsSimulation.mode2_timeout of <__main__.SarahsSimulation object at 0x10381b670>>, 1)
(Simulation.py, run_sim) Simulaton is calling the function:<bound method SarahsSimulation.mode2_timeout of <__main__.SarahsSimulation object at 0x10381b670>>
(sim_attempt_move.py, SarahsSimulation, mode2_timeout) Running the Mode 2 Simulation
(Vole.py, attempt_move) Entering the attempt move function. Vole 1 is currently in chamber 2. Destination: 1.
(Vole.py, attempt_move) traversing the edge: Edge 12, connects: 1 <--['rfid1', 'door1', 'rfid2']--> 2 
(Vole.py, attempt_move) simulating vole1 interaction with rfid1
(Vole.py, attempt_move) simulating vole1 interaction with door1
(Vole.py, attempt_move) door1, threshold attribute: state, threshold value: True
(Vole.py, attempt_move) door1, attribute result: True
(Vole.py, attempt_move) simulating vole1 interaction with rfid2
(Vole.py, attempt_move) Vole 1 successfully moved into chamber 1




-----------------------------New Simulation Running------------------------------------
(Simulation.py, configure_simulation) reading/parsing the file /Users/sarahlitz/Projects/Donaldson Lab/Vole Simulator Version 1/Box_Vole_Simulation/Classes/Configurations/simulation.json
(sim_attempt_move.py, __main__) New Simulation Created: SarahsSimulation




-----------------------------New Simulation Running------------------------------------
(Simulation.py, configure_simulation) reading/parsing the file /Users/sarahlitz/Projects/Donaldson Lab/Vole Simulator Version 1/Box_Vole_Simulation/Classes/Configurations/simulation.json
(sim_attempt_move.py, __main__) New Simulation Created: SarahsSimulation




-----------------------------New Simulation Running------------------------------------
(Simulation.py, configure_simulation) reading/parsing the file /Users/sarahlitz/Projects/Donaldson Lab/Vole Simulator Version 1/Box_Vole_Simulation/Classes/Configurations/simulation.json
(sim_attempt_move.py, __main__) New Simulation Created: SarahsSimulation
(Simulation.py, run_sim) Daemon Thread for getting the active mode, and running the specified simulation while active mode is in its timeout period.
NEW MODE: (Simulation.py, run_sim) Simulation Updating for Control Entering a New Mode: Mode 1
(Simulation.py, run_sim) The current mode (Mode 1) entered in timeout. Checking for if a simulation should be run. 
(Simulation.py, run_sim) Mode 1 is paired with the simulation function: (<bound method SarahsSimulation.mode1_timeout of <__main__.SarahsSimulation object at 0x10827d6a0>>, 1)
(Simulation.py, run_sim) Simulaton is calling the function:<bound method SarahsSimulation.mode1_timeout of <__main__.SarahsSimulation object at 0x10827d6a0>>
(sim_attempt_move.py, SarahsSimulation, mode1_timeout) Running the Mode 1 Simulation
(Vole.py, attempt_move) Entering the attempt move function. Vole 1 is currently in chamber 1. Destination: 2.
(Vole.py, attempt_move) traversing the edge: Edge 12, connects: 1 <--['rfid1', 'door1', 'rfid2']--> 2 
(Vole.py, attempt_move) simulating vole1 interaction with rfid1




-----------------------------New Simulation Running------------------------------------
(Simulation.py, configure_simulation) reading/parsing the file /Users/sarahlitz/Projects/Donaldson Lab/Vole Simulator Version 1/Box_Vole_Simulation/Classes/Configurations/simulation.json
(sim_attempt_move.py, __main__) New Simulation Created: SarahsSimulation
(Simulation.py, run_sim) Daemon Thread for getting the active mode, and running the specified simulation while active mode is in its timeout period.
NEW MODE: (Simulation.py, run_sim) Simulation Updating for Control Entering a New Mode: Mode 1
(Simulation.py, run_sim) The current mode (Mode 1) entered in timeout. Checking for if a simulation should be run. 
(Simulation.py, run_sim) Mode 1 is paired with the simulation function: (<bound method SarahsSimulation.mode1_timeout of <__main__.SarahsSimulation object at 0x100d4e6a0>>, 1)
(Simulation.py, run_sim) Simulaton is calling the function:<bound method SarahsSimulation.mode1_timeout of <__main__.SarahsSimulation object at 0x100d4e6a0>>
(sim_attempt_move.py, SarahsSimulation, mode1_timeout) Running the Mode 1 Simulation
(Vole.py, attempt_move) Entering the attempt move function. Vole 1 is currently in chamber 1. Destination: 2.
(Vole.py, attempt_move) traversing the edge: Edge 12, connects: 1 <--['rfid1', 'door1', 'rfid2']--> 2 
(Vole.py, attempt_move) simulating vole1 interaction with rfid1




-----------------------------New Simulation Running------------------------------------
(Simulation.py, configure_simulation) reading/parsing the file /Users/sarahlitz/Projects/Donaldson Lab/Vole Simulator Version 1/Box_Vole_Simulation/Classes/Configurations/simulation.json
(sim_attempt_move.py, __main__) New Simulation Created: SarahsSimulation
(Simulation.py, run_sim) Daemon Thread for getting the active mode, and running the specified simulation while active mode is in its timeout period.
NEW MODE: (Simulation.py, run_sim) Simulation Updating for Control Entering a New Mode: Mode 1
(Simulation.py, run_sim) The current mode (Mode 1) entered in timeout. Checking for if a simulation should be run. 
(Simulation.py, run_sim) Mode 1 is paired with the simulation function: (<bound method SarahsSimulation.mode1_timeout of <__main__.SarahsSimulation object at 0x10f3306a0>>, 1)
(Simulation.py, run_sim) Simulaton is calling the function:<bound method SarahsSimulation.mode1_timeout of <__main__.SarahsSimulation object at 0x10f3306a0>>
(sim_attempt_move.py, SarahsSimulation, mode1_timeout) Running the Mode 1 Simulation
(Vole.py, attempt_move) Entering the attempt move function. Vole 1 is currently in chamber 1. Destination: 2.
(Vole.py, attempt_move) traversing the edge: Edge 12, connects: 1 <--['rfid1', 'door1', 'rfid2']--> 2 
(Vole.py, attempt_move) simulating vole1 interaction with rfid1
(Vole.py, attempt_move) simulating vole1 interaction with door1
(Vole.py, attempt_move) door1, threshold attribute: state, threshold value: True
(Vole.py, attempt_move) door1, attribute result: False
(Vole.py, attempt_move) simulating vole1 interaction with rfid2
(Vole.py, attempt_move) Vole 1 successfully moved into chamber 2




-----------------------------New Simulation Running------------------------------------
(Simulation.py, configure_simulation) reading/parsing the file /Users/sarahlitz/Projects/Donaldson Lab/Vole Simulator Version 1/Box_Vole_Simulation/Classes/Configurations/simulation.json
(sim_attempt_move.py, __main__) New Simulation Created: SarahsSimulation
(Simulation.py, run_sim) Daemon Thread for getting the active mode, and running the specified simulation while active mode is in its timeout period.
NEW MODE: (Simulation.py, run_sim) Simulation Updating for Control Entering a New Mode: Mode 1
(Simulation.py, run_sim) The current mode (Mode 1) entered in timeout. Checking for if a simulation should be run. 
(Simulation.py, run_sim) Mode 1 is paired with the simulation function: (<bound method SarahsSimulation.mode1_timeout of <__main__.SarahsSimulation object at 0x10b5156a0>>, 1)
(Simulation.py, run_sim) Simulaton is calling the function:<bound method SarahsSimulation.mode1_timeout of <__main__.SarahsSimulation object at 0x10b5156a0>>
(sim_attempt_move.py, SarahsSimulation, mode1_timeout) Running the Mode 1 Simulation
(Vole.py, attempt_move) Entering the attempt move function. Vole 1 is currently in chamber 1. Destination: 2.
(Vole.py, attempt_move) traversing the edge: Edge 12, connects: 1 <--['rfid1', 'door1', 'rfid2']--> 2 
(Vole.py, attempt_move) simulating vole1 interaction with rfid1
(Vole.py, attempt_move) simulating vole1 interaction with door1
(Vole.py, attempt_move) door1, threshold attribute: state, threshold value: True
(Vole.py, attempt_move) door1, attribute result: False
(Vole.py, attempt_move) simulating vole1 interaction with rfid2
(Vole.py, attempt_move) Vole 1 successfully moved into chamber 2




-----------------------------New Simulation Running------------------------------------
(Simulation.py, configure_simulation) reading/parsing the file /Users/sarahlitz/Projects/Donaldson Lab/Vole Simulator Version 1/Box_Vole_Simulation/Classes/Configurations/simulation.json
(sim_attempt_move.py, __main__) New Simulation Created: SarahsSimulation
(Simulation.py, run_sim) Daemon Thread for getting the active mode, and running the specified simulation while active mode is in its timeout period.
NEW MODE: (Simulation.py, run_sim) Simulation Updating for Control Entering a New Mode: Mode 1
(Simulation.py, run_sim) The current mode (Mode 1) entered in timeout. Checking for if a simulation should be run. 
(Simulation.py, run_sim) Mode 1 is paired with the simulation function: (<bound method SarahsSimulation.mode1_timeout of <__main__.SarahsSimulation object at 0x10269b6d0>>, 1)
(Simulation.py, run_sim) Simulaton is calling the function:<bound method SarahsSimulation.mode1_timeout of <__main__.SarahsSimulation object at 0x10269b6d0>>
(sim_attempt_move.py, SarahsSimulation, mode1_timeout) Running the Mode 1 Simulation
(Vole.py, attempt_move) Entering the attempt move function. Vole 1 is currently in chamber 1. Destination: 2.
(Vole.py, attempt_move) traversing the edge: Edge 12, connects: 1 <--['rfid1', 'door1', 'rfid2']--> 2 
(Vole.py, attempt_move) simulating vole1 interaction with rfid1
(Vole.py, attempt_move) simulating vole1 interaction with door1
(Vole.py, attempt_move) door1, threshold attribute: state, threshold value: True
(Vole.py, attempt_move) door1, attribute result: False
(Vole.py, attempt_move) simulating vole1 interaction with rfid2
(Vole.py, attempt_move) Vole 1 successfully moved into chamber 2
NEW MODE: (Simulation.py, run_sim) Simulation Updating for Control Entering a New Mode: Mode 2
(Simulation.py, run_sim) The current mode (Mode 2) entered in timeout. Checking for if a simulation should be run. 
(Simulation.py, run_sim) Mode 2 is paired with the simulation function: (<bound method SarahsSimulation.mode2_timeout of <__main__.SarahsSimulation object at 0x10269b6d0>>, 1)
(Simulation.py, run_sim) Simulaton is calling the function:<bound method SarahsSimulation.mode2_timeout of <__main__.SarahsSimulation object at 0x10269b6d0>>
(sim_attempt_move.py, SarahsSimulation, mode2_timeout) Running the Mode 2 Simulation
(Vole.py, attempt_move) Entering the attempt move function. Vole 1 is currently in chamber 2. Destination: 1.
(Vole.py, attempt_move) traversing the edge: Edge 12, connects: 1 <--['rfid1', 'door1', 'rfid2']--> 2 
(Vole.py, attempt_move) simulating vole1 interaction with rfid1




-----------------------------New Simulation Running------------------------------------
(Simulation.py, configure_simulation) reading/parsing the file /Users/sarahlitz/Projects/Donaldson Lab/Vole Simulator Version 1/Box_Vole_Simulation/Classes/Configurations/simulation.json
(sim_attempt_move.py, __main__) New Simulation Created: SarahsSimulation
(Simulation.py, run_sim) Daemon Thread for getting the active mode, and running the specified simulation while active mode is in its timeout period.
NEW MODE: (Simulation.py, run_sim) Simulation Updating for Control Entering a New Mode: Mode 1
(Simulation.py, run_sim) The current mode (Mode 1) entered in timeout. Checking for if a simulation should be run. 
(Simulation.py, run_sim) Mode 1 is paired with the simulation function: (<bound method SarahsSimulation.mode1_timeout of <__main__.SarahsSimulation object at 0x10865e700>>, 1)
(Simulation.py, run_sim) Simulaton is calling the function:<bound method SarahsSimulation.mode1_timeout of <__main__.SarahsSimulation object at 0x10865e700>>
(sim_attempt_move.py, SarahsSimulation, mode1_timeout) Running the Mode 1 Simulation
(Vole.py, attempt_move) Entering the attempt move function. Vole 1 is currently in chamber 1. Destination: 2.
(Vole.py, attempt_move) traversing the edge: Edge 12, connects: 1 <--['rfid1', 'door1', 'rfid2']--> 2 
(Vole.py, attempt_move) simulating vole1 interaction with rfid1
(Vole.py, attempt_move) simulating vole1 interaction with door1
(Vole.py, attempt_move) door1, threshold attribute: state, threshold value: True
(Vole.py, attempt_move) door1, attribute result: False
(Vole.py, attempt_move) simulating vole1 interaction with rfid2




-----------------------------New Simulation Running------------------------------------
(Simulation.py, configure_simulation) reading/parsing the file /Users/sarahlitz/Projects/Donaldson Lab/Vole Simulator Version 1/Box_Vole_Simulation/Classes/Configurations/simulation.json
(sim_attempt_move.py, __main__) New Simulation Created: SarahsSimulation
(Simulation.py, run_sim) Daemon Thread for getting the active mode, and running the specified simulation while active mode is in its timeout period.
NEW MODE: (Simulation.py, run_sim) Simulation Updating for Control Entering a New Mode: Mode 1
(Simulation.py, run_sim) The current mode (Mode 1) entered in timeout. Checking for if a simulation should be run. 
(Simulation.py, run_sim) Mode 1 is paired with the simulation function: (<bound method SarahsSimulation.mode1_timeout of <__main__.SarahsSimulation object at 0x10645f6a0>>, 1)
(Simulation.py, run_sim) Simulaton is calling the function:<bound method SarahsSimulation.mode1_timeout of <__main__.SarahsSimulation object at 0x10645f6a0>>
(sim_attempt_move.py, SarahsSimulation, mode1_timeout) Running the Mode 1 Simulation
(Vole.py, attempt_move) Entering the attempt move function. Vole 1 is currently in chamber 1. Destination: 2.
(Vole.py, attempt_move) traversing the edge: Edge 12, connects: 1 <--['rfid1', 'door1', 'rfid2']--> 2 
(Vole.py, attempt_move) simulating vole1 interaction with rfid1




-----------------------------New Simulation Running------------------------------------
(Simulation.py, configure_simulation) reading/parsing the file /Users/sarahlitz/Projects/Donaldson Lab/Vole Simulator Version 1/Box_Vole_Simulation/Classes/Configurations/simulation.json
(sim_attempt_move.py, __main__) New Simulation Created: SarahsSimulation




-----------------------------New Simulation Running------------------------------------
(Simulation.py, configure_simulation) reading/parsing the file /Users/sarahlitz/Projects/Donaldson Lab/Vole Simulator Version 1/Box_Vole_Simulation/Classes/Configurations/simulation.json
(sim_attempt_move.py, __main__) New Simulation Created: SarahsSimulation
(Simulation.py, run_sim) Daemon Thread for getting the active mode, and running the specified simulation while active mode is in its timeout period.
NEW MODE: (Simulation.py, run_sim) Simulation Updating for Control Entering a New Mode: Mode 1
(Simulation.py, run_sim) The current mode (Mode 1) entered in timeout. Checking for if a simulation should be run. 
(Simulation.py, run_sim) Mode 1 is paired with the simulation function: (<bound method SarahsSimulation.mode1_timeout of <__main__.SarahsSimulation object at 0x1095c16a0>>, 1)
(Simulation.py, run_sim) Simulaton is calling the function:<bound method SarahsSimulation.mode1_timeout of <__main__.SarahsSimulation object at 0x1095c16a0>>
(sim_attempt_move.py, SarahsSimulation, mode1_timeout) Running the Mode 1 Simulation
(Vole.py, attempt_move) Entering the attempt move function. Vole 1 is currently in chamber 1. Destination: 2.
(Vole.py, attempt_move) traversing the edge: Edge 12, connects: 1 <--['rfid1', 'door1', 'rfid2']--> 2 
(Vole.py, attempt_move) simulating vole1 interaction with rfid1
(Vole.py, attempt_move) simulating vole1 interaction with door1
(Vole.py, attempt_move) door1, threshold attribute: state, threshold value: True
(Vole.py, attempt_move) door1, attribute result: False




-----------------------------New Simulation Running------------------------------------
(Simulation.py, configure_simulation) reading/parsing the file /Users/sarahlitz/Projects/Donaldson Lab/Vole Simulator Version 1/Box_Vole_Simulation/Classes/Configurations/simulation.json
(sim_attempt_move.py, __main__) New Simulation Created: SarahsSimulation




-----------------------------New Simulation Running------------------------------------
(Simulation.py, configure_simulation) reading/parsing the file /Users/sarahlitz/Projects/Donaldson Lab/Vole Simulator Version 1/Box_Vole_Simulation/Classes/Configurations/simulation.json
(sim_attempt_move.py, __main__) New Simulation Created: SarahsSimulation
(Simulation.py, run_sim) Daemon Thread for getting the active mode, and running the specified simulation while active mode is in its timeout period.
NEW MODE: (Simulation.py, run_sim) Simulation Updating for Control Entering a New Mode: Mode 1
(Simulation.py, run_sim) The current mode (Mode 1) entered in timeout. Checking for if a simulation should be run. 
(Simulation.py, run_sim) Mode 1 is paired with the simulation function: (<bound method SarahsSimulation.mode1_timeout of <__main__.SarahsSimulation object at 0x10d1966a0>>, 1)
(Simulation.py, run_sim) Simulaton is calling the function:<bound method SarahsSimulation.mode1_timeout of <__main__.SarahsSimulation object at 0x10d1966a0>>
(sim_attempt_move.py, SarahsSimulation, mode1_timeout) Running the Mode 1 Simulation
(Vole.py, attempt_move) Entering the attempt move function. Vole 1 is currently in chamber 1. Destination: 2.
(Vole.py, attempt_move) traversing the edge: Edge 12, connects: 1 <--['rfid1', 'door1', 'rfid2']--> 2 
(Vole.py, attempt_move) simulating vole1 interaction with rfid1
(Vole.py, attempt_move) simulating vole1 interaction with door1
(Vole.py, attempt_move) door1, threshold attribute: state, threshold value: True
(Vole.py, attempt_move) door1, attribute result: False




-----------------------------New Simulation Running------------------------------------
(Simulation.py, configure_simulation) reading/parsing the file /Users/sarahlitz/Projects/Donaldson Lab/Vole Simulator Version 1/Box_Vole_Simulation/Classes/Configurations/simulation.json
(sim_attempt_move.py, __main__) New Simulation Created: SarahsSimulation
(Simulation.py, run_sim) Daemon Thread for getting the active mode, and running the specified simulation while active mode is in its timeout period.
NEW MODE: (Simulation.py, run_sim) Simulation Updating for Control Entering a New Mode: Mode 1
(Simulation.py, run_sim) The current mode (Mode 1) entered in timeout. Checking for if a simulation should be run. 
(Simulation.py, run_sim) Mode 1 is paired with the simulation function: (<bound method SarahsSimulation.mode1_timeout of <__main__.SarahsSimulation object at 0x10a8d06a0>>, 1)
(Simulation.py, run_sim) Simulaton is calling the function:<bound method SarahsSimulation.mode1_timeout of <__main__.SarahsSimulation object at 0x10a8d06a0>>
(sim_attempt_move.py, SarahsSimulation, mode1_timeout) Running the Mode 1 Simulation
(Vole.py, attempt_move) Entering the attempt move function. Vole 1 is currently in chamber 1. Destination: 2.
(Vole.py, attempt_move) traversing the edge: Edge 12, connects: 1 <--['rfid1', 'door1', 'rfid2']--> 2 
(Vole.py, attempt_move) simulating vole1 interaction with rfid1
(Vole.py, attempt_move) simulating vole1 interaction with door1
(Vole.py, attempt_move) door1, threshold attribute: state, threshold value: True
(Vole.py, attempt_move) door1, attribute result: False
NEW MODE: (Simulation.py, run_sim) Simulation Updating for Control Entering a New Mode: Mode 2
(Simulation.py, run_sim) The current mode (Mode 2) entered in timeout. Checking for if a simulation should be run. 
(Simulation.py, run_sim) Mode 2 is paired with the simulation function: (<bound method SarahsSimulation.mode2_timeout of <__main__.SarahsSimulation object at 0x10a8d06a0>>, 1)
(Simulation.py, run_sim) Simulaton is calling the function:<bound method SarahsSimulation.mode2_timeout of <__main__.SarahsSimulation object at 0x10a8d06a0>>
(sim_attempt_move.py, SarahsSimulation, mode2_timeout) Running the Mode 2 Simulation
(Vole.py, attempt_move) Entering the attempt move function. Vole 1 is currently in chamber 1. Destination: 1.
(Vole.py, attempt_move) attempting a move that is not physically possible according to Map layout. Skipping Move Request




-----------------------------New Simulation Running------------------------------------
(Simulation.py, configure_simulation) reading/parsing the file /Users/sarahlitz/Projects/Donaldson Lab/Vole Simulator Version 1/Box_Vole_Simulation/Classes/Configurations/simulation.json




-----------------------------New Simulation Running------------------------------------
(Simulation.py, configure_simulation) reading/parsing the file /Users/sarahlitz/Projects/Donaldson Lab/Vole Simulator Version 1/Box_Vole_Simulation/Classes/Configurations/simulation.json




-----------------------------New Simulation Running------------------------------------
(Simulation.py, configure_simulation) reading/parsing the file /Users/sarahlitz/Projects/Donaldson Lab/Vole Simulator Version 1/Box_Vole_Simulation/Classes/Configurations/simulation.json




-----------------------------New Simulation Running------------------------------------
(Simulation.py, configure_simulation) reading/parsing the file /Users/sarahlitz/Projects/Donaldson Lab/Vole Simulator Version 1/Box_Vole_Simulation/Classes/Configurations/simulation.json




-----------------------------New Simulation Running------------------------------------
(Simulation.py, configure_simulation) reading/parsing the file /Users/sarahlitz/Projects/Donaldson Lab/Vole Simulator Version 1/Box_Vole_Simulation/Classes/Configurations/simulation.json




-----------------------------New Simulation Running------------------------------------
(Simulation.py, configure_simulation) reading/parsing the file /Users/sarahlitz/Projects/Donaldson Lab/Vole Simulator Version 1/Box_Vole_Simulation/Classes/Configurations/simulation.json
simulation.json did not contain the interactable lever1. sim defaults to False, so this interactable will not be simulated as the simulation runs.
simulation.json did not contain the interactable rfid1. sim defaults to False, so this interactable will not be simulated as the simulation runs.
simulation.json did not contain the interactable door1. sim defaults to False, so this interactable will not be simulated as the simulation runs.
simulation.json did not contain the interactable rfid2. sim defaults to False, so this interactable will not be simulated as the simulation runs.




-----------------------------New Simulation Running------------------------------------
(Simulation.py, configure_simulation) reading/parsing the file /Users/sarahlitz/Projects/Donaldson Lab/Vole Simulator Version 1/Box_Vole_Simulation/Classes/Configurations/simulation.json
simulation.json did not contain the interactable lever1. sim defaults to False, so this interactable will not be simulated as the simulation runs.
simulation.json did not contain the interactable rfid1. sim defaults to False, so this interactable will not be simulated as the simulation runs.
simulation.json did not contain the interactable door1. sim defaults to False, so this interactable will not be simulated as the simulation runs.
simulation.json did not contain the interactable rfid2. sim defaults to False, so this interactable will not be simulated as the simulation runs.
(sim_attempt_move.py, __main__) New Simulation Created: SarahsSimulation




-----------------------------New Simulation Running------------------------------------
(Simulation.py, configure_simulation) reading/parsing the file /Users/sarahlitz/Projects/Donaldson Lab/Vole Simulator Version 1/Box_Vole_Simulation/Classes/Configurations/simulation.json
simulation.json did not contain the interactable lever1. sim defaults to False, so this interactable will not be simulated as the simulation runs.
simulation.json did not contain the interactable rfid1. sim defaults to False, so this interactable will not be simulated as the simulation runs.
simulation.json did not contain the interactable door1. sim defaults to False, so this interactable will not be simulated as the simulation runs.
simulation.json did not contain the interactable rfid2. sim defaults to False, so this interactable will not be simulated as the simulation runs.
(sim_attempt_move.py, __main__) New Simulation Created: SarahsSimulation




-----------------------------New Simulation Running------------------------------------
(Simulation.py, configure_simulation) reading/parsing the file /Users/sarahlitz/Projects/Donaldson Lab/Vole Simulator Version 1/Box_Vole_Simulation/Classes/Configurations/simulation.json




-----------------------------New Simulation Running------------------------------------
(Simulation.py, configure_simulation) reading/parsing the file /Users/sarahlitz/Projects/Donaldson Lab/Vole Simulator Version 1/Box_Vole_Simulation/Classes/Configurations/simulation.json




-----------------------------New Simulation Running------------------------------------
(Simulation.py, configure_simulation) reading/parsing the file /Users/sarahlitz/Projects/Donaldson Lab/Vole Simulator Version 1/Box_Vole_Simulation/Classes/Configurations/simulation.json
simulation.json did not contain the interactable lever1. sim defaults to False, so this interactable will not be simulated as the simulation runs.
simulation.json did not contain the interactable rfid1. sim defaults to False, so this interactable will not be simulated as the simulation runs.
simulation.json did not contain the interactable door1. sim defaults to False, so this interactable will not be simulated as the simulation runs.
simulation.json did not contain the interactable rfid2. sim defaults to False, so this interactable will not be simulated as the simulation runs.
(sim_attempt_move.py, __main__) New Simulation Created: SarahsSimulation




-----------------------------New Simulation Running------------------------------------
(Simulation.py, configure_simulation) reading/parsing the file /Users/sarahlitz/Projects/Donaldson Lab/Vole Simulator Version 1/Box_Vole_Simulation/Classes/Configurations/simulation.json
simulation.json did not contain the interactable lever1. sim defaults to False, so this interactable will not be simulated as the simulation runs.
simulation.json did not contain the interactable lever1. sim defaults to False, so this interactable will not be simulated as the simulation runs.
simulation.json did not contain the interactable lever1. sim defaults to False, so this interactable will not be simulated as the simulation runs.
simulation.json did not contain the interactable rfid1. sim defaults to False, so this interactable will not be simulated as the simulation runs.
simulation.json did not contain the interactable rfid1. sim defaults to False, so this interactable will not be simulated as the simulation runs.
simulation.json did not contain the interactable rfid1. sim defaults to False, so this interactable will not be simulated as the simulation runs.
simulation.json did not contain the interactable door1. sim defaults to False, so this interactable will not be simulated as the simulation runs.
simulation.json did not contain the interactable door1. sim defaults to False, so this interactable will not be simulated as the simulation runs.
simulation.json did not contain the interactable door1. sim defaults to False, so this interactable will not be simulated as the simulation runs.
simulation.json did not contain the interactable rfid2. sim defaults to False, so this interactable will not be simulated as the simulation runs.
simulation.json did not contain the interactable rfid2. sim defaults to False, so this interactable will not be simulated as the simulation runs.
simulation.json did not contain the interactable rfid2. sim defaults to False, so this interactable will not be simulated as the simulation runs.
(sim_attempt_move.py, __main__) New Simulation Created: SarahsSimulation




-----------------------------New Simulation Running------------------------------------
(Simulation.py, configure_simulation) reading/parsing the file /Users/sarahlitz/Projects/Donaldson Lab/Vole Simulator Version 1/Box_Vole_Simulation/Classes/Configurations/simulation.json
simulation.json did not contain the interactable lever1. sim defaults to False, so this interactable will not be simulated as the simulation runs.
simulation.json did not contain the interactable rfid1. sim defaults to False, so this interactable will not be simulated as the simulation runs.
simulation.json did not contain the interactable door1. sim defaults to False, so this interactable will not be simulated as the simulation runs.
simulation.json did not contain the interactable rfid2. sim defaults to False, so this interactable will not be simulated as the simulation runs.
(sim_attempt_move.py, __main__) New Simulation Created: SarahsSimulation




-----------------------------New Simulation Running------------------------------------
(Simulation.py, configure_simulation) reading/parsing the file /Users/sarahlitz/Projects/Donaldson Lab/Vole Simulator Version 1/Box_Vole_Simulation/Classes/Configurations/simulation.json
simulation.json did not contain the interactable lever1. sim defaults to False, so this interactable will not be simulated as the simulation runs.
simulation.json did not contain the interactable rfid1. sim defaults to False, so this interactable will not be simulated as the simulation runs.
simulation.json did not contain the interactable door1. sim defaults to False, so this interactable will not be simulated as the simulation runs.
simulation.json did not contain the interactable rfid2. sim defaults to False, so this interactable will not be simulated as the simulation runs.
(sim_attempt_move.py, __main__) New Simulation Created: SarahsSimulation




-----------------------------New Simulation Running------------------------------------
(Simulation.py, configure_simulation) reading/parsing the file /Users/sarahlitz/Projects/Donaldson Lab/Vole Simulator Version 1/Box_Vole_Simulation/Classes/Configurations/simulation.json
simulation.json did not contain the interactable lever1. sim defaults to False, so this interactable will not be simulated as the simulation runs.
simulation.json did not contain the interactable rfid1. sim defaults to False, so this interactable will not be simulated as the simulation runs.
simulation.json did not contain the interactable door1. sim defaults to False, so this interactable will not be simulated as the simulation runs.
simulation.json did not contain the interactable rfid2. sim defaults to False, so this interactable will not be simulated as the simulation runs.
(sim_attempt_move.py, __main__) New Simulation Created: SarahsSimulation




-----------------------------New Simulation Running------------------------------------
(Simulation.py, configure_simulation) reading/parsing the file /Users/sarahlitz/Projects/Donaldson Lab/Vole Simulator Version 1/Box_Vole_Simulation/Classes/Configurations/simulation.json
(sim_attempt_move.py, __main__) New Simulation Created: SarahsSimulation
(Simulation.py, run_sim) Daemon Thread for getting the active mode, and running the specified simulation while active mode is in its timeout period.
NEW MODE: (Simulation.py, run_sim) Simulation Updating for Control Entering a New Mode: Mode 1
(Simulation.py, run_sim) The current mode (Mode 1) entered in timeout. Checking for if a simulation should be run. 
(Simulation.py, run_sim) Mode 1 is paired with the simulation function: (<bound method SarahsSimulation.mode1_timeout of <__main__.SarahsSimulation object at 0x10a9fd7f0>>, 1)
(Simulation.py, run_sim) Simulaton is calling the function:<bound method SarahsSimulation.mode1_timeout of <__main__.SarahsSimulation object at 0x10a9fd7f0>>
(sim_attempt_move.py, SarahsSimulation, mode1_timeout) Running the Mode 1 Simulation
(Vole.py, attempt_move) Entering the attempt move function. Vole 1 is currently in chamber 1. Destination: 2.
(Vole.py, attempt_move) traversing the edge: Edge 12, connects: 1 <--['rfid1', 'door1', 'rfid2']--> 2 
(Vole.py, attempt_move) simulating vole1 interaction with rfid1
(Vole.py, attempt_move) simulating vole1 interaction with door1
(Vole.py, attempt_move) door1, threshold attribute: state, threshold value: True
(Vole.py, attempt_move) door1, attribute result: False
NEW MODE: (Simulation.py, run_sim) Simulation Updating for Control Entering a New Mode: Mode 2
(Simulation.py, run_sim) The current mode (Mode 2) entered in timeout. Checking for if a simulation should be run. 
(Simulation.py, run_sim) Mode 2 is paired with the simulation function: (<bound method SarahsSimulation.mode2_timeout of <__main__.SarahsSimulation object at 0x10a9fd7f0>>, 1)
(Simulation.py, run_sim) Simulaton is calling the function:<bound method SarahsSimulation.mode2_timeout of <__main__.SarahsSimulation object at 0x10a9fd7f0>>
(sim_attempt_move.py, SarahsSimulation, mode2_timeout) Running the Mode 2 Simulation
(Vole.py, attempt_move) Entering the attempt move function. Vole 1 is currently in chamber 1. Destination: 1.
(Vole.py, attempt_move) attempting a move that is not physically possible according to Map layout. Skipping Move Request




-----------------------------New Simulation Running------------------------------------
(Simulation.py, configure_simulation) reading/parsing the file /Users/sarahlitz/Projects/Donaldson Lab/Vole Simulator Version 1/Box_Vole_Simulation/Classes/Configurations/simulation.json
(sim_attempt_move.py, __main__) New Simulation Created: SarahsSimulation
(Simulation.py, run_sim) Daemon Thread for getting the active mode, and running the specified simulation while active mode is in its timeout period.
NEW MODE: (Simulation.py, run_sim) Simulation Updating for Control Entering a New Mode: Mode 1
(Simulation.py, run_sim) The current mode (Mode 1) entered in timeout. Checking for if a simulation should be run. 
(Simulation.py, run_sim) Mode 1 is paired with the simulation function: (<bound method SarahsSimulation.mode1_timeout of <__main__.SarahsSimulation object at 0x1051e97f0>>, 1)
(Simulation.py, run_sim) Simulaton is calling the function:<bound method SarahsSimulation.mode1_timeout of <__main__.SarahsSimulation object at 0x1051e97f0>>
(sim_attempt_move.py, SarahsSimulation, mode1_timeout) Running the Mode 1 Simulation
(Vole.py, attempt_move) Entering the attempt move function. Vole 1 is currently in chamber 1. Destination: 2.
(Vole.py, attempt_move) traversing the edge: Edge 12, connects: 1 <--['rfid1', 'door1', 'rfid2']--> 2 




-----------------------------New Simulation Running------------------------------------
(Simulation.py, configure_simulation) reading/parsing the file /Users/sarahlitz/Projects/Donaldson Lab/Vole Simulator Version 1/Box_Vole_Simulation/Classes/Configurations/simulation.json
(sim_attempt_move.py, __main__) New Simulation Created: SarahsSimulation
(Simulation.py, run_sim) Daemon Thread for getting the active mode, and running the specified simulation while active mode is in its timeout period.
NEW MODE: (Simulation.py, run_sim) Simulation Updating for Control Entering a New Mode: Mode 1
(Simulation.py, run_sim) The current mode (Mode 1) entered in timeout. Checking for if a simulation should be run. 
(Simulation.py, run_sim) Mode 1 is paired with the simulation function: (<bound method SarahsSimulation.mode1_timeout of <__main__.SarahsSimulation object at 0x10e5407f0>>, 1)
(Simulation.py, run_sim) Simulaton is calling the function:<bound method SarahsSimulation.mode1_timeout of <__main__.SarahsSimulation object at 0x10e5407f0>>
(sim_attempt_move.py, SarahsSimulation, mode1_timeout) Running the Mode 1 Simulation
(Vole.py, attempt_move) Entering the attempt move function. Vole 1 is currently in chamber 1. Destination: 2.
(Vole.py, attempt_move) traversing the edge: Edge 12, connects: 1 <--['rfid1', 'door1', 'rfid2']--> 2 




-----------------------------New Simulation Running------------------------------------
(Simulation.py, configure_simulation) reading/parsing the file /Users/sarahlitz/Projects/Donaldson Lab/Vole Simulator Version 1/Box_Vole_Simulation/Classes/Configurations/simulation.json
(sim_attempt_move.py, __main__) New Simulation Created: SarahsSimulation
(Simulation.py, run_sim) Daemon Thread for getting the active mode, and running the specified simulation while active mode is in its timeout period.
NEW MODE: (Simulation.py, run_sim) Simulation Updating for Control Entering a New Mode: Mode 1
(Simulation.py, run_sim) The current mode (Mode 1) entered in timeout. Checking for if a simulation should be run. 
(Simulation.py, run_sim) Mode 1 is paired with the simulation function: (<bound method SarahsSimulation.mode1_timeout of <__main__.SarahsSimulation object at 0x1085597f0>>, 1)
(Simulation.py, run_sim) Simulaton is calling the function:<bound method SarahsSimulation.mode1_timeout of <__main__.SarahsSimulation object at 0x1085597f0>>
(sim_attempt_move.py, SarahsSimulation, mode1_timeout) Running the Mode 1 Simulation
(Vole.py, attempt_move) Entering the attempt move function. Vole 1 is currently in chamber 1. Destination: 2.
(Vole.py, attempt_move) traversing the edge: Edge 12, connects: 1 <--['rfid1', 'door1', 'rfid2']--> 2 




-----------------------------New Simulation Running------------------------------------
(Simulation.py, configure_simulation) reading/parsing the file /Users/sarahlitz/Projects/Donaldson Lab/Vole Simulator Version 1/Box_Vole_Simulation/Classes/Configurations/simulation.json
(sim_attempt_move.py, __main__) New Simulation Created: SarahsSimulation
(Simulation.py, run_sim) Daemon Thread for getting the active mode, and running the specified simulation while active mode is in its timeout period.
NEW MODE: (Simulation.py, run_sim) Simulation Updating for Control Entering a New Mode: Mode 1
(Simulation.py, run_sim) The current mode (Mode 1) entered in timeout. Checking for if a simulation should be run. 
(Simulation.py, run_sim) Mode 1 is paired with the simulation function: (<bound method SarahsSimulation.mode1_timeout of <__main__.SarahsSimulation object at 0x103e627f0>>, 1)
(Simulation.py, run_sim) Simulaton is calling the function:<bound method SarahsSimulation.mode1_timeout of <__main__.SarahsSimulation object at 0x103e627f0>>
(sim_attempt_move.py, SarahsSimulation, mode1_timeout) Running the Mode 1 Simulation
(Vole.py, attempt_move) Entering the attempt move function. Vole 1 is currently in chamber 1. Destination: 2.
(Vole.py, attempt_move) traversing the edge: Edge 12, connects: 1 <--['rfid1', 'door1', 'rfid2']--> 2 




-----------------------------New Simulation Running------------------------------------
(Simulation.py, configure_simulation) reading/parsing the file /Users/sarahlitz/Projects/Donaldson Lab/Vole Simulator Version 1/Box_Vole_Simulation/Classes/Configurations/simulation.json
(sim_attempt_move.py, __main__) New Simulation Created: SarahsSimulation
(Simulation.py, run_sim) Daemon Thread for getting the active mode, and running the specified simulation while active mode is in its timeout period.
NEW MODE: (Simulation.py, run_sim) Simulation Updating for Control Entering a New Mode: Mode 1
(Simulation.py, run_sim) The current mode (Mode 1) entered in timeout. Checking for if a simulation should be run. 
(Simulation.py, run_sim) Mode 1 is paired with the simulation function: (<bound method SarahsSimulation.mode1_timeout of <__main__.SarahsSimulation object at 0x1055107f0>>, 1)
(Simulation.py, run_sim) Simulaton is calling the function:<bound method SarahsSimulation.mode1_timeout of <__main__.SarahsSimulation object at 0x1055107f0>>
(sim_attempt_move.py, SarahsSimulation, mode1_timeout) Running the Mode 1 Simulation
(Vole.py, attempt_move) Entering the attempt move function. Vole 1 is currently in chamber 1. Destination: 2.
(Vole.py, attempt_move) traversing the edge: Edge 12, connects: 1 <--['rfid1', 'door1', 'rfid2']--> 2 




-----------------------------New Simulation Running------------------------------------
(Simulation.py, configure_simulation) reading/parsing the file /Users/sarahlitz/Projects/Donaldson Lab/Vole Simulator Version 1/Box_Vole_Simulation/Classes/Configurations/simulation.json
(sim_attempt_move.py, __main__) New Simulation Created: SarahsSimulation
(Simulation.py, run_sim) Daemon Thread for getting the active mode, and running the specified simulation while active mode is in its timeout period.
NEW MODE: (Simulation.py, run_sim) Simulation Updating for Control Entering a New Mode: Mode 1
(Simulation.py, run_sim) The current mode (Mode 1) entered in timeout. Checking for if a simulation should be run. 
(Simulation.py, run_sim) Mode 1 is paired with the simulation function: (<bound method SarahsSimulation.mode1_timeout of <__main__.SarahsSimulation object at 0x1082c87f0>>, 1)
(Simulation.py, run_sim) Simulaton is calling the function:<bound method SarahsSimulation.mode1_timeout of <__main__.SarahsSimulation object at 0x1082c87f0>>
(sim_attempt_move.py, SarahsSimulation, mode1_timeout) Running the Mode 1 Simulation
(Vole.py, attempt_move) Entering the attempt move function. Vole 1 is currently in chamber 1. Destination: 2.
(Vole.py, attempt_move) traversing the edge: Edge 12, connects: 1 <--['rfid1', 'door1', 'rfid2']--> 2 




-----------------------------New Simulation Running------------------------------------
(Simulation.py, configure_simulation) reading/parsing the file /Users/sarahlitz/Projects/Donaldson Lab/Vole Simulator Version 1/Box_Vole_Simulation/Classes/Configurations/simulation.json
(sim_attempt_move.py, __main__) New Simulation Created: SarahsSimulation
(Simulation.py, run_sim) Daemon Thread for getting the active mode, and running the specified simulation while active mode is in its timeout period.
NEW MODE: (Simulation.py, run_sim) Simulation Updating for Control Entering a New Mode: Mode 1
(Simulation.py, run_sim) The current mode (Mode 1) entered in timeout. Checking for if a simulation should be run. 
(Simulation.py, run_sim) Mode 1 is paired with the simulation function: (<bound method SarahsSimulation.mode1_timeout of <__main__.SarahsSimulation object at 0x10bf2d7f0>>, 1)
(Simulation.py, run_sim) Simulaton is calling the function:<bound method SarahsSimulation.mode1_timeout of <__main__.SarahsSimulation object at 0x10bf2d7f0>>
(sim_attempt_move.py, SarahsSimulation, mode1_timeout) Running the Mode 1 Simulation
(Vole.py, attempt_move) Entering the attempt move function. Vole 1 is currently in chamber 1. Destination: 2.
(Vole.py, attempt_move) traversing the edge: Edge 12, connects: 1 <--['rfid1', 'door1', 'rfid2']--> 2 
(Vole.py, attempt_move) simulating vole1 interaction with rfid1
(Vole.py, attempt_move) simulating vole1 interaction with door1
(Vole.py, attempt_move) door1, threshold attribute: state, threshold value: True
(Vole.py, attempt_move) door1, attribute result: False
(Vole.py, attempt_move) simulating vole1 interaction with door1
(Vole.py, attempt_move) door1, threshold attribute: state, threshold value: True
(Vole.py, attempt_move) door1, attribute result: True




-----------------------------New Simulation Running------------------------------------
(Simulation.py, configure_simulation) reading/parsing the file /Users/sarahlitz/Projects/Donaldson Lab/Vole Simulator Version 1/Box_Vole_Simulation/Classes/Configurations/simulation.json
(sim_attempt_move.py, __main__) New Simulation Created: SarahsSimulation
(Simulation.py, run_sim) Daemon Thread for getting the active mode, and running the specified simulation while active mode is in its timeout period.
NEW MODE: (Simulation.py, run_sim) Simulation Updating for Control Entering a New Mode: Mode 1
(Simulation.py, run_sim) The current mode (Mode 1) entered in timeout. Checking for if a simulation should be run. 
(Simulation.py, run_sim) Mode 1 is paired with the simulation function: (<bound method SarahsSimulation.mode1_timeout of <__main__.SarahsSimulation object at 0x10c66c7f0>>, 1)
(Simulation.py, run_sim) Simulaton is calling the function:<bound method SarahsSimulation.mode1_timeout of <__main__.SarahsSimulation object at 0x10c66c7f0>>
(sim_attempt_move.py, SarahsSimulation, mode1_timeout) Running the Mode 1 Simulation
(Vole.py, attempt_move) Entering the attempt move function. Vole 1 is currently in chamber 1. Destination: 2.
(Vole.py, attempt_move) traversing the edge: Edge 12, connects: 1 <--['rfid1', 'door1', 'rfid2']--> 2 
(Vole.py, attempt_move) simulating vole1 interaction with rfid1
(Vole.py, attempt_move) simulating vole1 interaction with door1
(Vole.py, attempt_move) door1, threshold attribute: state, threshold value: True
(Vole.py, attempt_move) door1, attribute result: False
(Vole.py, attempt_move) simulating vole1 interaction with lever1
(Vole.py, attempt_move) lever1, threshold attribute: pressed, threshold value: 6
(Vole.py, attempt_move) lever1, attribute result: 0
(Vole.py, attempt_move) simulating vole1 interaction with rfid2
(Vole.py, attempt_move) Vole 1 successfully moved into chamber 2
NEW MODE: (Simulation.py, run_sim) Simulation Updating for Control Entering a New Mode: Mode 2
(Simulation.py, run_sim) The current mode (Mode 2) entered in timeout. Checking for if a simulation should be run. 
(Simulation.py, run_sim) Mode 2 is paired with the simulation function: (<bound method SarahsSimulation.mode2_timeout of <__main__.SarahsSimulation object at 0x10c66c7f0>>, 1)
(Simulation.py, run_sim) Simulaton is calling the function:<bound method SarahsSimulation.mode2_timeout of <__main__.SarahsSimulation object at 0x10c66c7f0>>
(sim_attempt_move.py, SarahsSimulation, mode2_timeout) Running the Mode 2 Simulation
(Vole.py, attempt_move) Entering the attempt move function. Vole 1 is currently in chamber 2. Destination: 1.
(Vole.py, attempt_move) traversing the edge: Edge 12, connects: 1 <--['rfid1', 'door1', 'rfid2']--> 2 
(Vole.py, attempt_move) simulating vole1 interaction with rfid1
(Vole.py, attempt_move) simulating vole1 interaction with door1
(Vole.py, attempt_move) door1, threshold attribute: state, threshold value: True
(Vole.py, attempt_move) door1, attribute result: True
(Vole.py, attempt_move) simulating vole1 interaction with lever1
(Vole.py, attempt_move) lever1, threshold attribute: pressed, threshold value: 6
(Vole.py, attempt_move) lever1, attribute result: 6
(Vole.py, attempt_move) simulating vole1 interaction with rfid2
(Vole.py, attempt_move) Vole 1 successfully moved into chamber 1
