



-----------------------------New Simulation Running------------------------------------
(Simulation.py, configure_simulation) reading/parsing the file /Users/sarahlitz/Projects/Donaldson Lab/Vole Simulator Version 1/Box_Vole_Simulation/Simulation/Configurations/simulation.json
(sim_attempt_move.py, __main__) New Simulation Created: SarahsSimulation
(Simulation.py, run_sim) Daemon Thread for getting the active mode, and running the specified simulation while active mode is in its timeout period.
NEW MODE: (Simulation.py, run_sim) Simulation Updating for Control Entering a New Mode: Mode 1
(Simulation.py, run_sim) The current mode (Mode 1) entered in timeout. Checking for if a simulation should be run. 
(Simulation.py, run_sim) Mode 1 is paired with the simulation function: (<bound method SarahsSimulation.mode1_timeout of <Simulation.Scripts.sim_attempt_move.SarahsSimulation object at 0x10b75a910>>, 1)
(Simulation.py, run_sim) Simulaton is calling the function:<bound method SarahsSimulation.mode1_timeout of <Simulation.Scripts.sim_attempt_move.SarahsSimulation object at 0x10b75a910>>
(sim_attempt_move.py, SarahsSimulation, mode1_timeout) Running the Mode 1 Simulation
(Vole.py, attempt_move) Entering the attempt move function. Vole 1 is currently in chamber 1. Destination: 2.
(Vole.py, attempt_move) traversing the edge: Edge 12, connects: 1 <--['rfid1', 'door1', 'rfid2']--> 2 
(Vole.py, attempt_move) simulating vole1 interaction with rfid1
(Vole.py, attempt_move) simulating vole1 interaction with door1
(Vole.py, attempt_move) door1, threshold attribute: state, threshold value: True
(Vole.py, attempt_move) door1, attribute result: False
(Vole.py, attempt_move) simulating vole1 interaction with lever1
(Vole.py, attempt_move) lever1, threshold attribute: pressed, threshold value: 6
(Vole.py, attempt_move) lever1, attribute result: 0
(Vole.py, attempt_move) simulating vole1 interaction with rfid2
(Vole.py, attempt_move) Vole 1 successfully moved into chamber 2
NEW MODE: (Simulation.py, run_sim) Simulation Updating for Control Entering a New Mode: Mode 2
(Simulation.py, run_sim) The current mode (Mode 2) entered in timeout. Checking for if a simulation should be run. 
(Simulation.py, run_sim) Mode 2 is paired with the simulation function: (<bound method SarahsSimulation.mode2_timeout of <Simulation.Scripts.sim_attempt_move.SarahsSimulation object at 0x10b75a910>>, 1)
(Simulation.py, run_sim) Simulaton is calling the function:<bound method SarahsSimulation.mode2_timeout of <Simulation.Scripts.sim_attempt_move.SarahsSimulation object at 0x10b75a910>>
(sim_attempt_move.py, SarahsSimulation, mode2_timeout) Running the Mode 2 Simulation
(Vole.py, attempt_move) Entering the attempt move function. Vole 1 is currently in chamber 2. Destination: 1.
(Vole.py, attempt_move) traversing the edge: Edge 12, connects: 1 <--['rfid1', 'door1', 'rfid2']--> 2 
(Vole.py, attempt_move) simulating vole1 interaction with rfid1
(Vole.py, attempt_move) simulating vole1 interaction with door1
(Vole.py, attempt_move) door1, threshold attribute: state, threshold value: True
(Vole.py, attempt_move) door1, attribute result: True
(Vole.py, attempt_move) simulating vole1 interaction with lever1
(Vole.py, attempt_move) lever1, threshold attribute: pressed, threshold value: 6
(Vole.py, attempt_move) lever1, attribute result: 6
(Vole.py, attempt_move) simulating vole1 interaction with rfid2
(Vole.py, attempt_move) Vole 1 successfully moved into chamber 1




-----------------------------New Simulation Running------------------------------------
(Simulation.py, configure_simulation) reading/parsing the file /Users/sarahlitz/Projects/Donaldson Lab/Vole Simulator Version 1/Box_Vole_Simulation/Simulation/Configurations/simulation.json
(sim_attempt_move.py, __main__) New Simulation Created: SarahsSimulation
(Simulation.py, run_sim) Daemon Thread for getting the active mode, and running the specified simulation while active mode is in its timeout period.
NEW MODE: (Simulation.py, run_sim) Simulation Updating for Control Entering a New Mode: Mode 1
(Simulation.py, run_sim) The current mode (Mode 1) entered in timeout. Checking for if a simulation should be run. 
(Simulation.py, run_sim) Mode 1 is paired with the simulation function: (<bound method SarahsSimulation.mode1_timeout of <Simulation.Scripts.sim_attempt_move.SarahsSimulation object at 0x10e825e20>>, 1)
(Simulation.py, run_sim) Simulaton is calling the function:<bound method SarahsSimulation.mode1_timeout of <Simulation.Scripts.sim_attempt_move.SarahsSimulation object at 0x10e825e20>>
(sim_attempt_move.py, SarahsSimulation, mode1_timeout) Running the Mode 1 Simulation
(Vole.py, attempt_move) Entering the attempt move function. Vole 1 is currently in chamber 1. Destination: 2.
(Vole.py, attempt_move) traversing the edge: Edge 12, connects: 1 <--['rfid1', 'door1', 'rfid2']--> 2 
(Vole.py, attempt_move) simulating vole1 interaction with rfid1
(Vole.py, attempt_move) simulating vole1 interaction with door1
(Vole.py, attempt_move) door1, threshold attribute: state, threshold value: True
(Vole.py, attempt_move) door1, attribute result: False
(Vole.py, attempt_move) simulating vole1 interaction with lever1
(Vole.py, attempt_move) lever1, threshold attribute: pressed, threshold value: 6
(Vole.py, attempt_move) lever1, attribute result: 0
(Vole.py, attempt_move) simulating vole1 interaction with rfid2
(Vole.py, attempt_move) Vole 1 successfully moved into chamber 2
NEW MODE: (Simulation.py, run_sim) Simulation Updating for Control Entering a New Mode: Mode 2
(Simulation.py, run_sim) The current mode (Mode 2) entered in timeout. Checking for if a simulation should be run. 
(Simulation.py, run_sim) Mode 2 is paired with the simulation function: (<bound method SarahsSimulation.mode2_timeout of <Simulation.Scripts.sim_attempt_move.SarahsSimulation object at 0x10e825e20>>, 1)
(Simulation.py, run_sim) Simulaton is calling the function:<bound method SarahsSimulation.mode2_timeout of <Simulation.Scripts.sim_attempt_move.SarahsSimulation object at 0x10e825e20>>
(sim_attempt_move.py, SarahsSimulation, mode2_timeout) Running the Mode 2 Simulation
(Vole.py, attempt_move) Entering the attempt move function. Vole 1 is currently in chamber 2. Destination: 1.
(Vole.py, attempt_move) traversing the edge: Edge 12, connects: 1 <--['rfid1', 'door1', 'rfid2']--> 2 
(Vole.py, attempt_move) simulating vole1 interaction with rfid1
(Vole.py, attempt_move) simulating vole1 interaction with door1
(Vole.py, attempt_move) door1, threshold attribute: state, threshold value: True
(Vole.py, attempt_move) door1, attribute result: True
(Vole.py, attempt_move) simulating vole1 interaction with lever1
(Vole.py, attempt_move) lever1, threshold attribute: pressed, threshold value: 6
(Vole.py, attempt_move) lever1, attribute result: 6
(Vole.py, attempt_move) simulating vole1 interaction with rfid2
(Vole.py, attempt_move) Vole 1 successfully moved into chamber 1
